MPASM 5.82                     CALIBRATE.ASM   3-31-2019  15:03:22         PAGE  1


LOC  OBJECT CODE     LINE SOURCE TEXT
  VALUE

                      00001 
                      00002 ; PIC18F45K22 Configuration Bit Settings
                      00003 
                      00004 ; Assembly source line config statements
                      00005     title       "Calibration Subsystem"  
                      00006     LIST        P=PIC18F45K22 ; processor type
                      00007     #include "p18f45k22.inc"
                      00001         LIST
                      00002 
                      00003 ;==========================================================================
                      00004 ; Build date : Sep 19 2018
                      00005 ;  MPASM PIC18F45K22 processor include
                      00006 ; 
                      00007 ;  (c) Copyright 1999-2018 Microchip Technology, All rights reserved
                      00008 ;==========================================================================
                      00009 
                      02795         LIST
                      00008     
                      00009     
                      00010 ; CONFIG1H
                      00011   CONFIG  FOSC = INTIO67        ; Oscillator Selection bits (Internal oscillator block)
                      00012   CONFIG  PLLCFG = OFF          ; 4X PLL Enable (Oscillator used directly)
                      00013   CONFIG  PRICLKEN = ON         ; Primary clock enable bit (Primary clock is always enabled)
                      00014   CONFIG  FCMEN = OFF           ; Fail-Safe Clock Monitor Enable bit (Fail-Safe Clock Monitor disabled)
                      00015   CONFIG  IESO = OFF            ; Internal/External Oscillator Switchover bit (Oscillator Switchover mod
                            e disabled)
                      00016 
                      00017 ; CONFIG2L
                      00018   CONFIG  PWRTEN = OFF          ; Power-up Timer Enable bit (Power up timer disabled)
                      00019   CONFIG  BOREN = SBORDIS       ; Brown-out Reset Enable bits (Brown-out Reset enabled in hardware only 
                            (SBOREN is disabled))
                      00020   CONFIG  BORV = 190            ; Brown Out Reset Voltage bits (VBOR set to 1.90 V nominal)
                      00021 
                      00022 ; CONFIG2H
                      00023   CONFIG  WDTEN = OFF           ; Watchdog Timer Enable bits (Watch dog timer is always disabled. SWDTEN
                             has no effect.)
                      00024   CONFIG  WDTPS = 32768         ; Watchdog Timer Postscale Select bits (1:32768)
                      00025 
                      00026 ; CONFIG3H
                      00027   CONFIG  CCP2MX = PORTC1       ; CCP2 MUX bit (CCP2 input/output is multiplexed with RC1)
                      00028   CONFIG  PBADEN = ON           ; PORTB A/D Enable bit (PORTB<5:0> pins are configured as analog input c
                            hannels on Reset)
                      00029   CONFIG  CCP3MX = PORTB5       ; P3A/CCP3 Mux bit (P3A/CCP3 input/output is multiplexed with RB5)
                      00030   CONFIG  HFOFST = ON           ; HFINTOSC Fast Start-up (HFINTOSC output and ready status are not delay
                            ed by the oscillator stable status)
                      00031   CONFIG  T3CMX = PORTC0        ; Timer3 Clock input mux bit (T3CKI is on RC0)
                      00032   CONFIG  P2BMX = PORTD2        ; ECCP2 B output mux bit (P2B is on RD2)
                      00033   CONFIG  MCLRE = EXTMCLR       ; MCLR Pin Enable bit (MCLR pin enabled, RE3 input pin disabled)
                      00034 
                      00035 ; CONFIG4L
                      00036   CONFIG  STVREN = ON           ; Stack Full/Underflow Reset Enable bit (Stack full/underflow will cause
                             Reset)
                      00037   CONFIG  LVP = ON              ; Single-Supply ICSP Enable bit (Single-Supply ICSP enabled if MCLRE is 
MPASM 5.82                     CALIBRATE.ASM   3-31-2019  15:03:22         PAGE  2
Calibration Subsystem

LOC  OBJECT CODE     LINE SOURCE TEXT
  VALUE

                            also 1)
                      00038   CONFIG  XINST = OFF           ; Extended Instruction Set Enable bit (Instruction set extension and Ind
                            exed Addressing mode disabled (Legacy mode))
                      00039 
                      00040 ; CONFIG5L
                      00041   CONFIG  CP0 = OFF             ; Code Protection Block 0 (Block 0 (000800-001FFFh) not code-protected)
                      00042   CONFIG  CP1 = OFF             ; Code Protection Block 1 (Block 1 (002000-003FFFh) not code-protected)
                      00043   CONFIG  CP2 = OFF             ; Code Protection Block 2 (Block 2 (004000-005FFFh) not code-protected)
                      00044   CONFIG  CP3 = OFF             ; Code Protection Block 3 (Block 3 (006000-007FFFh) not code-protected)
                      00045 
                      00046 ; CONFIG5H
                      00047   CONFIG  CPB = OFF             ; Boot Block Code Protection bit (Boot block (000000-0007FFh) not code-p
                            rotected)
                      00048   CONFIG  CPD = OFF             ; Data EEPROM Code Protection bit (Data EEPROM not code-protected)
                      00049 
                      00050 ; CONFIG6L
                      00051   CONFIG  WRT0 = OFF            ; Write Protection Block 0 (Block 0 (000800-001FFFh) not write-protected
                            )
                      00052   CONFIG  WRT1 = OFF            ; Write Protection Block 1 (Block 1 (002000-003FFFh) not write-protected
                            )
                      00053   CONFIG  WRT2 = OFF            ; Write Protection Block 2 (Block 2 (004000-005FFFh) not write-protected
                            )
                      00054   CONFIG  WRT3 = OFF            ; Write Protection Block 3 (Block 3 (006000-007FFFh) not write-protected
                            )
                      00055 
                      00056 ; CONFIG6H
                      00057   CONFIG  WRTC = OFF            ; Configuration Register Write Protection bit (Configuration registers (
                            300000-3000FFh) not write-protected)
                      00058   CONFIG  WRTB = OFF            ; Boot Block Write Protection bit (Boot Block (000000-0007FFh) not write
                            -protected)
                      00059   CONFIG  WRTD = OFF            ; Data EEPROM Write Protection bit (Data EEPROM not write-protected)
                      00060 
                      00061 ; CONFIG7L
                      00062   CONFIG  EBTR0 = OFF           ; Table Read Protection Block 0 (Block 0 (000800-001FFFh) not protected 
                            from table reads executed in other blocks)
                      00063   CONFIG  EBTR1 = OFF           ; Table Read Protection Block 1 (Block 1 (002000-003FFFh) not protected 
                            from table reads executed in other blocks)
                      00064   CONFIG  EBTR2 = OFF           ; Table Read Protection Block 2 (Block 2 (004000-005FFFh) not protected 
                            from table reads executed in other blocks)
                      00065   CONFIG  EBTR3 = OFF           ; Table Read Protection Block 3 (Block 3 (006000-007FFFh) not protected 
                            from table reads executed in other blocks)
                      00066 
                      00067 ; CONFIG7H
                      00068   CONFIG  EBTRB = OFF           ; Boot Block Table Read Protection bit (Boot Block (000000-0007FFh) not 
                            protected from table reads executed in other blocks)
                      00069 ;
                      00070     cblock      0x00
                      00071     ;~~~~~~~~~~~~~~~~~~~ CALIBRATION SUBROUTINE VARIABLES ~~~~~~~~~~~~~~~~~~~ 
  00000000            00072         redValue    ; These will store the values read by the cal subroutine come prac 2
  00000001            00073         blueValue
  00000002            00074         greenValue
  00000003            00075         whiteValue
  00000004            00076         blackValue
MPASM 5.82                     CALIBRATE.ASM   3-31-2019  15:03:22         PAGE  3
Calibration Subsystem

LOC  OBJECT CODE     LINE SOURCE TEXT
  VALUE

  00000005            00077         delayCounter    ; Used to make a 3s delay for calibration subroutine
  00000006            00078         calOffset   ; The offset used to display the right character on the SSD
  00000007            00079         calRounds   ; The number of times the calibration subroutine must be run = 5
  00000008            00080         stateBits   ; One-hot encoding indicating the current state
                      00081                     ; 7 = MSG, 6 = RCE, 5 = PRC, 4 = CAL
                      00082     endc
                      00083     
                      00084     
                      00085     org 0h
000000 EF?? F???      00086     GOTO INIT       ; Perform setup of all the stuff
                      00087 
                      00088     org 0x08
000008 B29E           00089     BTFSC   PIR1,TMR2IF     ; Test the interrupt flag of timer 2
00000A EF?? F???      00090     GOTO    CALIBRATE_SUB   ; Got to cal subroutine
00000E B2F2           00091     BTFSC   INTCON,INT0IF      ; Test the interrupt flag of PORTB pin 0
000010 EF?? F???      00092     GOTO    DEBUG_SUB       ; Go to the debugging subroutine
000014                00093 start
000014 EF?? F???      00094     GOTO    CALIBRATE
000018 EF?? F???      00095     GOTO    $
                      00096 
                      00097 
                      00098 
                      00099 ;~~~~~~~~~~~~~~~~~~~~~~~~~~~~~~~~~~~~~~~~~ INITIALIZATION ~~~~~~~~~~~~~~~~~~~~~~~~~~~~~~~~~~~~~~~~~ 
00001C                00100 INIT
                      00101     ; Set oscillator frequency to 500kHz - 010
00001C 88D3           00102     bsf OSCCON,IRCF0
00001E 8AD3           00103     bsf OSCCON,IRCF1
000020 9CD3           00104     bcf OSCCON,IRCF2
                      00105 
                      00106     ; Initialize Port A (just flashes an LED in my program)
000022 010F           00107     MOVLB       0xF                 ; Set BSR for banked SFRs
000024 6A80           00108     CLRF        PORTA           ; Initialize PORTA by clearing output data latches
000026 6A89           00109     CLRF        LATA            ; Alternate method to clear output data latches
000028 6A92           00110     CLRF        TRISA           ; clear bits for all pins
00002A 6B38           00111     CLRF        ANSELA          ; clear bits for all pins       
                      00112 
                      00113     ; Initialize Port B (button interrupt for debugging subsystem)
00002C 6A81           00114     CLRF    PORTB
00002E 6A8A           00115     CLRF    LATB
000030 0E01           00116     MOVLW   b'00000001' 
000032 6E93           00117     MOVWF   TRISB
000034 6B39           00118     CLRF    ANSELB
                      00119 
                      00120     ; Initialize Port D (SSD port)
000036 6A83           00121     CLRF        PORTD           ; Initialize PORTD by clearing output data latches
000038 6A8C           00122     CLRF        LATD            ; Alternate method to clear output data latches
00003A 6A95           00123     CLRF        TRISD           ; clear bits for all pins
00003C 6B3B           00124     CLRF        ANSELD          ; clear bits for all pins
00003E 0100           00125     MOVLB       0x0              
000040 0EFF           00126     MOVLW   0xFF    
000042 6E83           00127     MOVWF   PORTD
                      00128 
000044 8CF2           00129     bsf     INTCON,PEIE ; Enable peripheral interrupts
MPASM 5.82                     CALIBRATE.ASM   3-31-2019  15:03:22         PAGE  4
Calibration Subsystem

LOC  OBJECT CODE     LINE SOURCE TEXT
  VALUE

000046 8EF2           00130     bsf     INTCON,GIE  ; Enable global interrupts
                      00131 
000048 88F2           00132     bsf     INTCON,INT0IE   ; Enable external interrupt on B0 pin
00004A 92F2           00133     bcf     INTCON,INT0IF   ; Clear flag just in case
                      00134 
00004C EF?? F???      00135     GOTO    start           ; Init finished, go to start
                      00136 ;~~~~~~~~~~~~~~~~~~~~~~~~~~~~~~~~~~~~~~~~~ INITIALIZATION ~~~~~~~~~~~~~~~~~~~~~~~~~~~~~~~~~~~~~~~~~ 
                      00137 
                      00138 
000050                00139 CALIBRATE
                      00140     ; Initialize Timer 2 registers and so on
000050 829D           00141     bsf     PIE1,TMR2IE     ; Enable Timer2 interrups
000052 0E7F           00142     MOVLW   b'01111111'     ; Set the prescaler to 16x and the postscaler to 16x
000054 6EBA           00143     MOVWF   T2CON           ; Move to the Timer2 control register
000056 0EF5           00144     MOVLW   d'245'          ; Using 245 rollovers to get to 3s
000058 6EBB           00145     MOVWF   PR2             ; Move that value to the period register
                      00146 
00005A 0E10           00147     MOVLW   b'00010000'     ; indicates calibrate sub
00005C 6E08           00148     MOVWF   stateBits       ; Store this incase debugging is called
                      00149     ; Initialize calibration subroutine variables
00005E 0E0C           00150     MOVLW   d'12'
000060 6E05           00151     MOVWF   delayCounter    ; After 12 interrups, 3s have passed
000062 0E00           00152     MOVLW   0x0
000064 6E06           00153     MOVWF   calOffset       ; Initialize the offset to zero, so it doesn't skip the first character
000066 0E07           00154     MOVLW   0x7             
000068 6E07           00155     MOVWF   calRounds       ; We want to repeat the calibration routine five times, plus two for other s
                            hite
00006A EF?? F???      00156     GOTO    $               ; Wait here until the first interrupt
                      00157 
00006E                00158 CALIBRATE_SUB
00006E 929E           00159     bcf     PIR1,TMR2IF     ; clear niterrupt flag
000070 6ABC           00160     CLRF    TMR2                ; Clear timer 2 of any counts accumulated (this is as close as we can ge
                            t I guess)
000072 2E05           00161     DECFSZ  delayCounter    ; Decrement and skip if zero, store the answer in delayCounter
000074 0010           00162     RETFIE 
                      00163 
000076 EC?? F???      00164     CALL    LEDS
00007A 0E0C           00165     MOVLW   d'12'
00007C 6E05           00166     MOVWF   delayCounter    ; Reset deulayCounter so that it can continue looping at the same rate
                      00167 
00007E 5006           00168     MOVF    calOffset,w     ; move the offset into wreg
000080 EC?? F???      00169     CALL    SSDTABLE        ; call the lookup table
000084 6E83           00170     MOVWF   PORTD           ; move the bits to port B to display them on the SSD
                      00171 
000086 0E02           00172     MOVLW   d'2'                ; move 2 into wreg
000088 2606           00173     ADDWF   calOffset       ; add 2 to the offset - We want to post increment, because the first offset 
                            should b 0
00008A 4E07           00174     DCFSNZ  calRounds       ; calRounds represents how many rounds of this routine we have left
00008C 929D           00175     bcf     PIE1,TMR2IE     ; Disable Timer2 interrups. We're done with this subroutine now
00008E 0EFF           00176     MOVLW   0xFF
000090 A29D           00177     BTFSS   PIE1,TMR2IE     ; If the timer 2 interrupt enable is ON, then skip the next line
000092 6E83           00178     MOVWF   PORTD           ; Turn off all the lights on the SSD
000094 0E00           00179     MOVLW   0x00
MPASM 5.82                     CALIBRATE.ASM   3-31-2019  15:03:22         PAGE  5
Calibration Subsystem

LOC  OBJECT CODE     LINE SOURCE TEXT
  VALUE

000096 A29D           00180     BTFSS   PIE1,TMR2IE     ; If the timer 2 interrupt enable is ON, then skip the next line
000098 6E80           00181     MOVWF   PORTA           ; Turn off all the LEDs
00009A 6ABC           00182     CLRF    TMR2                ; Clear timer 2 of any counts accumulated during the ISR
00009C 0010           00183     RETFIE                          ; Return to main program
                      00184 ;
                      00185 
00009E                00186 LEDS 
00009E 0E00           00187     MOVLW   0x00
0000A0 6206           00188     CPFSEQ  calOffset       ; if the offset is zero, it is the first colour being calibrated
0000A2 8E80           00189     bsf     PORTA,7         ; make the MSB of porta 1
0000A4 4680           00190     RLNCF   PORTA           ; rotate that in so they display on the LEDs
0000A6 0010           00191     RETFIE
                      00192 
0000A8                00193 SSDTABLE
0000A8 26F9           00194     ADDWF   PCL             ; Add offset to the program counter
0000AA 0C11           00195     RETLW   b'00010001'     ; Character "R" = 0
0000AC 0C01           00196     RETLW   b'00000001'     ; Character "B" = 2
0000AE 0C41           00197     RETLW   b'01000001'     ; Character "G" = 4
0000B0 0C13           00198     RETLW   b'00010011'     ; Character "|^|"" (blac calibration) = 6
0000B2 0C83           00199     RETLW   b'10000011'     ; Character "|_|" (white) = 8
0000B4 0CFF           00200     RETLW   b'11111111'     ; Dummy variable for the calibration subroutine = 10
0000B6 0CD5           00201     RETLW   b'11010101'     ; Character "n" (black track racing) = 12
0000B8 0CE3           00202     RETLW   b'11100011'     ; Character "L" (maze racing) = 14
0000BA 0C03           00203     RETLW   b'00000011'     ; Character "0" (maze racing) = 16
0000BC 0C9F           00204     RETLW   b'10011111'     ; Character "1" (maze racing) = 18
0000BE 0C25           00205     RETLW   b'00100101'     ; Character "2" (maze racing) = 20
0000C0 0C00           00206     RETLW   redValue        ; 22
                      00207 
                      00208 
0000C2                00209 DEBUG_SUB
0000C2 92F2           00210     bcf     INTCON,INT0IF      ; clear the interrupt flag
0000C4 BE08           00211     BTFSC   stateBits,7     ; check if it's in message mode
0000C6 EC?? F???      00212     CALL    debugMessage
0000CA BC08           00213     BTFSC   stateBits,6     ; check if it's in race mode
0000CC EC?? F???      00214     CALL    debugRace
0000D0 BA08           00215     BTFSC   stateBits,5     ; check if it's in programming mode
0000D2 EC?? F???      00216     CALL    debugProgram
0000D6 B808           00217     BTFSC   stateBits,4     ; check if it's in calibration mode
0000D8 EC?? F???      00218     CALL    debugCalibrate
0000DC 0010           00219     RETFIE
                      00220 
0000DE                00221 debugMessage
0000DE 5006           00222     MOVF    calOffset,w
0000E0 6E83           00223     MOVWF   PORTD
0000E2 0012           00224     RETURN
                      00225 
0000E4                00226 debugRace
0000E4 5006           00227     MOVF    calOffset,w
0000E6 6E83           00228     MOVWF   PORTD
0000E8 0012           00229     RETURN
                      00230 
0000EA                00231 debugProgram
0000EA 5006           00232     MOVF    calOffset,w
MPASM 5.82                     CALIBRATE.ASM   3-31-2019  15:03:22         PAGE  6
Calibration Subsystem

LOC  OBJECT CODE     LINE SOURCE TEXT
  VALUE

0000EC 6E83           00233     MOVWF   PORTD
0000EE 0012           00234     RETURN
                      00235 
0000F0                00236 debugCalibrate
0000F0 5006           00237     MOVF    calOffset,w  
0000F2 0EFF           00238     MOVLW   0xFF
0000F4 6E83           00239     MOVWF   PORTD
0000F6 0012           00240     RETURN 
                      00241     end
MPASM 5.82                     CALIBRATE.ASM   3-31-2019  15:03:22         PAGE  7
Calibration Subsystem

SYMBOL TABLE
  LABEL                             VALUE 

A                                 00000000
ABDEN                             00000000
ABDOVF                            00000007
ACCESS                            00000000
ACKDT                             00000005
ACKEN                             00000004
ACKSTAT                           00000006
ACKTIM                            00000007
ACQT0                             00000003
ACQT1                             00000004
ACQT2                             00000005
ADCMD                             00000000
ADCON0                            00000FC2
ADCON1                            00000FC1
ADCON2                            00000FC0
ADCS0                             00000000
ADCS1                             00000001
ADCS2                             00000002
ADDEN                             00000003
ADDEN1                            00000003
ADDEN2                            00000003
ADEN                              00000003
ADFM                              00000007
ADIE                              00000006
ADIF                              00000006
ADIP                              00000006
ADON                              00000000
ADRES                             00000FC3
ADRESH                            00000FC4
ADRESL                            00000FC3
AHEN                              00000001
AN0                               00000000
AN1                               00000001
AN10                              00000001
AN11                              00000004
AN12                              00000000
AN13                              00000005
AN14                              00000002
AN15                              00000003
AN16                              00000004
AN17                              00000005
AN18                              00000006
AN19                              00000007
AN2                               00000002
AN20                              00000000
AN21                              00000001
AN22                              00000002
AN23                              00000003
AN24                              00000004
AN25                              00000005
AN26                              00000006
AN27                              00000007
AN3                               00000003
MPASM 5.82                     CALIBRATE.ASM   3-31-2019  15:03:22         PAGE  8
Calibration Subsystem

SYMBOL TABLE
  LABEL                             VALUE 

AN4                               00000005
AN5                               00000000
AN6                               00000001
AN7                               00000002
AN8                               00000002
AN9                               00000003
ANSA0                             00000000
ANSA1                             00000001
ANSA2                             00000002
ANSA3                             00000003
ANSA5                             00000005
ANSB0                             00000000
ANSB1                             00000001
ANSB2                             00000002
ANSB3                             00000003
ANSB4                             00000004
ANSB5                             00000005
ANSC2                             00000002
ANSC3                             00000003
ANSC4                             00000004
ANSC5                             00000005
ANSC6                             00000006
ANSC7                             00000007
ANSD0                             00000000
ANSD1                             00000001
ANSD2                             00000002
ANSD3                             00000003
ANSD4                             00000004
ANSD5                             00000005
ANSD6                             00000006
ANSD7                             00000007
ANSE0                             00000000
ANSE1                             00000001
ANSE2                             00000002
ANSELA                            00000F38
ANSELB                            00000F39
ANSELC                            00000F3A
ANSELD                            00000F3B
ANSELE                            00000F3C
BANKED                            00000001
BAUD1CON                          00000FB8
BAUD2CON                          00000F70
BAUDCON                           00000FB8
BAUDCON1                          00000FB8
BAUDCON2                          00000F70
BAUDCTL                           00000FB8
BCL1IE                            00000003
BCL1IF                            00000003
BCL1IP                            00000003
BCL2IE                            00000006
BCL2IF                            00000006
BCL2IP                            00000006
BCLIE                             00000003
MPASM 5.82                     CALIBRATE.ASM   3-31-2019  15:03:22         PAGE  9
Calibration Subsystem

SYMBOL TABLE
  LABEL                             VALUE 

BCLIF                             00000003
BCLIP                             00000003
BF                                00000000
BGST                              00000005
BGVST                             00000006
BOEN                              00000004
BOR                               00000000
BRG16                             00000003
BRGH                              00000002
BRGH1                             00000002
BRGH2                             00000002
BSR                               00000FE0
C                                 00000000
C12IN0M                           00000000
C12IN0N                           00000000
C12IN1M                           00000001
C12IN1N                           00000001
C12IN2M                           00000003
C12IN2N                           00000003
C12IN3M                           00000001
C12IN3N                           00000001
C1CH0                             00000000
C1CH1                             00000001
C1HYS                             00000003
C1IE                              00000006
C1IF                              00000006
C1INP                             00000003
C1IP                              00000006
C1OE                              00000005
C1ON                              00000007
C1OUT_CM1CON                      00000006
C1OUT_CM1CON0                     00000006
C1OUT_PORTA                       00000004
C1POL                             00000004
C1R                               00000002
C1RSEL                            00000005
C1SP                              00000003
C1SYNC                            00000001
C1TSEL0                           00000000
C1TSEL1                           00000001
C2CH0                             00000000
C2CH1                             00000001
C2HYS                             00000002
C2IE                              00000005
C2IF                              00000005
C2INP                             00000002
C2IP                              00000005
C2OE                              00000005
C2ON                              00000007
C2OUT_CM2CON                      00000006
C2OUT_CM2CON0                     00000006
C2OUT_PORTA                       00000005
C2POL                             00000004
MPASM 5.82                     CALIBRATE.ASM   3-31-2019  15:03:22         PAGE 10
Calibration Subsystem

SYMBOL TABLE
  LABEL                             VALUE 

C2R                               00000002
C2RSEL                            00000004
C2SP                              00000003
C2SYNC                            00000000
C2TSEL0                           00000003
C2TSEL1                           00000004
C3TSEL0                           00000006
C3TSEL1                           00000007
C4TSEL0                           00000000
C4TSEL1                           00000001
C5TSEL0                           00000002
C5TSEL1                           00000003
CALIBRATE                         00000050
CALIBRATE_SUB                     0000006E
CCP1                              00000002
CCP1AS0                           00000004
CCP1AS1                           00000005
CCP1AS2                           00000006
CCP1ASE                           00000007
CCP1CON                           00000FBD
CCP1IE                            00000002
CCP1IF                            00000002
CCP1IP                            00000002
CCP1M0                            00000000
CCP1M1                            00000001
CCP1M2                            00000002
CCP1M3                            00000003
CCP1MD                            00000000
CCP2AS                            00000F64
CCP2AS0                           00000004
CCP2AS1                           00000005
CCP2AS2                           00000006
CCP2ASE                           00000007
CCP2CON                           00000F66
CCP2IE                            00000000
CCP2IF                            00000000
CCP2IP                            00000000
CCP2M0                            00000000
CCP2M1                            00000001
CCP2M2                            00000002
CCP2M3                            00000003
CCP2MD                            00000001
CCP2_PORTB                        00000003
CCP2_PORTC                        00000001
CCP3AS                            00000F5B
CCP3AS0                           00000004
CCP3AS1                           00000005
CCP3AS2                           00000006
CCP3ASE                           00000007
CCP3CON                           00000F5D
CCP3IE                            00000000
CCP3IF                            00000000
CCP3IP                            00000000
MPASM 5.82                     CALIBRATE.ASM   3-31-2019  15:03:22         PAGE 11
Calibration Subsystem

SYMBOL TABLE
  LABEL                             VALUE 

CCP3M0                            00000000
CCP3M1                            00000001
CCP3M2                            00000002
CCP3M3                            00000003
CCP3MD                            00000002
CCP3_PORTB                        00000005
CCP3_PORTE                        00000000
CCP4                              00000001
CCP4CON                           00000F57
CCP4IE                            00000001
CCP4IF                            00000001
CCP4IP                            00000001
CCP4M0                            00000000
CCP4M1                            00000001
CCP4M2                            00000002
CCP4M3                            00000003
CCP4MD                            00000003
CCP5                              00000002
CCP5CON                           00000F54
CCP5IE                            00000002
CCP5IF                            00000002
CCP5IP                            00000002
CCP5M0                            00000000
CCP5M1                            00000001
CCP5M2                            00000002
CCP5M3                            00000003
CCP5MD                            00000004
CCPR1                             00000FBE
CCPR1H                            00000FBF
CCPR1L                            00000FBE
CCPR2                             00000F67
CCPR2H                            00000F68
CCPR2L                            00000F67
CCPR3                             00000F5E
CCPR3H                            00000F5F
CCPR3L                            00000F5E
CCPR4                             00000F58
CCPR4H                            00000F59
CCPR4L                            00000F58
CCPR5                             00000F55
CCPR5H                            00000F56
CCPR5L                            00000F55
CCPTMRS0                          00000F49
CCPTMRS1                          00000F48
CFGS                              00000006
CHS0                              00000002
CHS1                              00000003
CHS2                              00000004
CHS3                              00000005
CHS4                              00000006
CK                                00000006
CK1                               00000006
CK2                               00000006
MPASM 5.82                     CALIBRATE.ASM   3-31-2019  15:03:22         PAGE 12
Calibration Subsystem

SYMBOL TABLE
  LABEL                             VALUE 

CKE                               00000006
CKP                               00000004
CKTXP                             00000004
CM12CON                           00000F77
CM1CON                            00000F79
CM1CON0                           00000F79
CM2CON                            00000F78
CM2CON0                           00000F78
CM2CON1                           00000F77
CMP1MD                            00000001
CMP2MD                            00000002
CREN                              00000004
CREN1                             00000004
CREN2                             00000004
CSRC                              00000007
CSRC1                             00000007
CSRC2                             00000007
CTED1                             00000002
CTED2                             00000003
CTMUCON0                          00000F45
CTMUCON1                          00000F44
CTMUCONH                          00000F45
CTMUCONL                          00000F44
CTMUEN                            00000007
CTMUICON                          00000F43
CTMUICONH                         00000F43
CTMUIE                            00000003
CTMUIF                            00000003
CTMUIP                            00000003
CTMUMD                            00000003
CTMUSIDL                          00000005
CTPLS                             00000002
CTTRIG                            00000000
CVREF                             00000002
D                                 00000005
DACCON0                           00000F41
DACCON1                           00000F40
DACEN                             00000007
DACLPS                            00000006
DACNSS                            00000000
DACOE                             00000005
DACOUT                            00000002
DACPSS0                           00000002
DACPSS1                           00000003
DACR0                             00000000
DACR1                             00000001
DACR2                             00000002
DACR3                             00000003
DACR4                             00000004
DC                                00000001
DC1B0                             00000004
DC1B1                             00000005
DC2B0                             00000004
MPASM 5.82                     CALIBRATE.ASM   3-31-2019  15:03:22         PAGE 13
Calibration Subsystem

SYMBOL TABLE
  LABEL                             VALUE 

DC2B1                             00000005
DC3B0                             00000004
DC3B1                             00000005
DC4B0                             00000004
DC4B1                             00000005
DC5B0                             00000004
DC5B1                             00000005
DDRA                              TRISA
DDRB                              TRISB
DDRC                              TRISC
DDRD                              TRISD
DDRE                              TRISE
DEBUG_SUB                         000000C2
DHEN                              00000000
DONE                              00000001
DT1                               00000007
DT2                               00000007
DTRXP                             00000005
D_A                               00000005
D_NOT_A                           00000005
ECCP1AS                           00000FB6
ECCP2AS                           00000F64
ECCP3AS                           00000F5B
ECCPAS                            00000FB6
ECCPAS0                           00000004
ECCPAS1                           00000005
ECCPAS2                           00000006
ECCPASE                           00000007
EDG1POL                           00000004
EDG1SEL0                          00000002
EDG1SEL1                          00000003
EDG1STAT                          00000000
EDG2POL                           00000007
EDG2SEL0                          00000005
EDG2SEL1                          00000006
EDG2STAT                          00000001
EDGEN                             00000003
EDGSEQEN                          00000002
EEADR                             00000FA9
EEADR0                            00000000
EEADR1                            00000001
EEADR2                            00000002
EEADR3                            00000003
EEADR4                            00000004
EEADR5                            00000005
EEADR6                            00000006
EEADR7                            00000007
EECON1                            00000FA6
EECON2                            00000FA7
EEDATA                            00000FA8
EEIE                              00000004
EEIF                              00000004
EEIP                              00000004
MPASM 5.82                     CALIBRATE.ASM   3-31-2019  15:03:22         PAGE 14
Calibration Subsystem

SYMBOL TABLE
  LABEL                             VALUE 

EEPGD                             00000007
FAST                              00000001
FERR                              00000002
FERR1                             00000002
FERR2                             00000002
FLT0                              00000000
FREE                              00000004
FSR0                              00000000
FSR0H                             00000FEA
FSR0L                             00000FE9
FSR1                              00000001
FSR1H                             00000FE2
FSR1L                             00000FE1
FSR2                              00000002
FSR2H                             00000FDA
FSR2L                             00000FD9
FVRCON                            00000F42
FVREN                             00000007
FVRS0                             00000004
FVRS1                             00000005
FVRST                             00000006
GCEN                              00000007
GIE                               00000007
GIEH                              00000007
GIEL                              00000006
GIE_GIEH                          00000007
GO                                00000001
GO_DONE                           00000001
GO_NOT_DONE                       00000001
HFIOFS                            00000002
HLVDCON                           00000F9C
HLVDEN                            00000004
HLVDIE                            00000002
HLVDIF                            00000002
HLVDIN                            00000005
HLVDIP                            00000002
HLVDL0                            00000000
HLVDL1                            00000001
HLVDL2                            00000002
HLVDL3                            00000003
IDISSEN                           00000001
IDLEN                             00000007
INDF0                             00000FEF
INDF1                             00000FE7
INDF2                             00000FDF
INIT                              0000001C
INT0                              00000000
INT0E                             00000004
INT0F                             00000001
INT0IE                            00000004
INT0IF                            00000001
INT1                              00000001
INT1E                             00000003
MPASM 5.82                     CALIBRATE.ASM   3-31-2019  15:03:22         PAGE 15
Calibration Subsystem

SYMBOL TABLE
  LABEL                             VALUE 

INT1F                             00000000
INT1IE                            00000003
INT1IF                            00000000
INT1IP                            00000006
INT1P                             00000006
INT2                              00000002
INT2E                             00000004
INT2F                             00000001
INT2IE                            00000004
INT2IF                            00000001
INT2IP                            00000007
INT2P                             00000007
INTCON                            00000FF2
INTCON2                           00000FF1
INTCON3                           00000FF0
INTEDG0                           00000006
INTEDG1                           00000005
INTEDG2                           00000004
INTSRC                            00000007
IOCB                              00000F62
IOCB4                             00000004
IOCB5                             00000005
IOCB6                             00000006
IOCB7                             00000007
IOFS                              00000002
IPEN                              00000007
IPR1                              00000F9F
IPR2                              00000FA2
IPR3                              00000FA5
IPR4                              00000F7C
IPR5                              00000F7F
IRCF0                             00000004
IRCF1                             00000005
IRCF2                             00000006
IRNG0                             00000000
IRNG1                             00000001
IRVST                             00000005
ITRIM0                            00000002
ITRIM1                            00000003
ITRIM2                            00000004
ITRIM3                            00000005
ITRIM4                            00000006
ITRIM5                            00000007
IVRST                             00000005
KBI0                              00000004
KBI1                              00000005
KBI2                              00000006
KBI3                              00000007
LATA                              00000F89
LATA0                             00000000
LATA1                             00000001
LATA2                             00000002
LATA3                             00000003
MPASM 5.82                     CALIBRATE.ASM   3-31-2019  15:03:22         PAGE 16
Calibration Subsystem

SYMBOL TABLE
  LABEL                             VALUE 

LATA4                             00000004
LATA5                             00000005
LATA6                             00000006
LATA7                             00000007
LATB                              00000F8A
LATB0                             00000000
LATB1                             00000001
LATB2                             00000002
LATB3                             00000003
LATB4                             00000004
LATB5                             00000005
LATB6                             00000006
LATB7                             00000007
LATC                              00000F8B
LATC0                             00000000
LATC1                             00000001
LATC2                             00000002
LATC3                             00000003
LATC4                             00000004
LATC5                             00000005
LATC6                             00000006
LATC7                             00000007
LATD                              00000F8C
LATD0                             00000000
LATD1                             00000001
LATD2                             00000002
LATD3                             00000003
LATD4                             00000004
LATD5                             00000005
LATD6                             00000006
LATD7                             00000007
LATE                              00000F8D
LATE0                             00000000
LATE1                             00000001
LATE2                             00000002
LEDS                              0000009E
LFIOFS                            00000000
LVDCON                            00000F9C
LVDEN                             00000004
LVDIE                             00000002
LVDIF                             00000002
LVDIN                             00000005
LVDIP                             00000002
LVDL0                             00000000
LVDL1                             00000001
LVDL2                             00000002
LVDL3                             00000003
LVV0                              00000000
LVV1                              00000001
LVV2                              00000002
LVV3                              00000003
MC1OUT                            00000007
MC2OUT                            00000006
MPASM 5.82                     CALIBRATE.ASM   3-31-2019  15:03:22         PAGE 17
Calibration Subsystem

SYMBOL TABLE
  LABEL                             VALUE 

MCLR                              00000003
MFIOFS                            00000001
MFIOSEL                           00000004
MSK0                              00000000
MSK1                              00000001
MSK2                              00000002
MSK3                              00000003
MSK4                              00000004
MSK5                              00000005
MSK6                              00000006
MSK7                              00000007
MSSP1MD                           00000006
MSSP2MD                           00000007
N                                 00000004
NOT_A                             00000005
NOT_ADDRESS                       00000005
NOT_BOR                           00000000
NOT_DONE                          00000001
NOT_MCLR                          00000003
NOT_PD                            00000002
NOT_POR                           00000001
NOT_RBPU                          00000007
NOT_RI                            00000004
NOT_SS                            00000005
NOT_SS1                           00000005
NOT_SS2                           00000003
NOT_T1SYNC                        00000002
NOT_T3SYNC                        00000002
NOT_T5SYNC                        00000002
NOT_TO                            00000003
NOT_W                             00000002
NOT_WRITE                         00000002
NVCFG0                            00000000
NVCFG1                            00000001
OERR                              00000001
OERR1                             00000001
OERR2                             00000001
OSCCON                            00000FD3
OSCCON2                           00000FD2
OSCFIE                            00000007
OSCFIF                            00000007
OSCFIP                            00000007
OSCTUNE                           00000F9B
OSTS                              00000003
OV                                00000003
P                                 00000004
P1A                               00000002
P1B                               00000005
P1C                               00000006
P1D                               00000007
P1DC0                             00000000
P1DC1                             00000001
P1DC2                             00000002
MPASM 5.82                     CALIBRATE.ASM   3-31-2019  15:03:22         PAGE 18
Calibration Subsystem

SYMBOL TABLE
  LABEL                             VALUE 

P1DC3                             00000003
P1DC4                             00000004
P1DC5                             00000005
P1DC6                             00000006
P1M0                              00000006
P1M1                              00000007
P1RSEN                            00000007
P1SSAC0                           00000002
P1SSAC1                           00000003
P1SSBD0                           00000000
P1SSBD1                           00000001
P2A_PORTB                         00000003
P2A_PORTC                         00000001
P2B_PORTC                         00000000
P2B_PORTD                         00000002
P2C                               00000003
P2D                               00000004
P2DC0                             00000000
P2DC1                             00000001
P2DC2                             00000002
P2DC3                             00000003
P2DC4                             00000004
P2DC5                             00000005
P2DC6                             00000006
P2M0                              00000006
P2M1                              00000007
P2RSEN                            00000007
P2SSAC0                           00000002
P2SSAC1                           00000003
P2SSBD0                           00000000
P2SSBD1                           00000001
P3A_PORTB                         00000005
P3A_PORTE                         00000000
P3B                               00000001
P3DC0                             00000000
P3DC1                             00000001
P3DC2                             00000002
P3DC3                             00000003
P3DC4                             00000004
P3DC5                             00000005
P3DC6                             00000006
P3M0                              00000006
P3M1                              00000007
P3RSEN                            00000007
P3SSAC0                           00000002
P3SSAC1                           00000003
P3SSBD0                           00000000
P3SSBD1                           00000001
PC                                00000FF9
PCIE                              00000006
PCL                               00000FF9
PCLATH                            00000FFA
PCLATU                            00000FFB
MPASM 5.82                     CALIBRATE.ASM   3-31-2019  15:03:22         PAGE 19
Calibration Subsystem

SYMBOL TABLE
  LABEL                             VALUE 

PD                                00000002
PDC0                              00000000
PDC1                              00000001
PDC2                              00000002
PDC3                              00000003
PDC4                              00000004
PDC5                              00000005
PDC6                              00000006
PEIE                              00000006
PEIE_GIEL                         00000006
PEN                               00000002
PGC                               00000006
PGD                               00000007
PIE1                              00000F9D
PIE2                              00000FA0
PIE3                              00000FA3
PIE4                              00000F7A
PIE5                              00000F7D
PIR1                              00000F9E
PIR2                              00000FA1
PIR3                              00000FA4
PIR4                              00000F7B
PIR5                              00000F7E
PLLEN                             00000006
PLLRDY                            00000007
PLUSW0                            00000FEB
PLUSW1                            00000FE3
PLUSW2                            00000FDB
PMD0                              00000F3F
PMD1                              00000F3E
PMD2                              00000F3D
POR                               00000001
PORTA                             00000F80
PORTB                             00000F81
PORTC                             00000F82
PORTD                             00000F83
PORTE                             00000F84
POSTDEC0                          00000FED
POSTDEC1                          00000FE5
POSTDEC2                          00000FDD
POSTINC0                          00000FEE
POSTINC1                          00000FE6
POSTINC2                          00000FDE
PR2                               00000FBB
PR4                               00000F52
PR6                               00000F4B
PREINC0                           00000FEC
PREINC1                           00000FE4
PREINC2                           00000FDC
PRISD                             00000002
PROD                              00000FF3
PRODH                             00000FF4
PRODL                             00000FF3
MPASM 5.82                     CALIBRATE.ASM   3-31-2019  15:03:22         PAGE 20
Calibration Subsystem

SYMBOL TABLE
  LABEL                             VALUE 

PRSEN                             00000007
PSA                               00000003
PSS1AC0                           00000002
PSS1AC1                           00000003
PSS1BD0                           00000000
PSS1BD1                           00000001
PSS2AC0                           00000002
PSS2AC1                           00000003
PSS2BD0                           00000000
PSS2BD1                           00000001
PSS3AC0                           00000002
PSS3AC1                           00000003
PSS3BD0                           00000000
PSS3BD1                           00000001
PSSAC0                            00000002
PSSAC1                            00000003
PSSBD0                            00000000
PSSBD1                            00000001
PSTR1CON                          00000FB9
PSTR2CON                          00000F63
PSTR3CON                          00000F5A
PSTRCON                           00000FB9
PVCFG0                            00000002
PVCFG1                            00000003
PWM1CON                           00000FB7
PWM2CON                           00000F65
PWM3CON                           00000F5C
PWMCON                            00000FB7
R                                 00000002
RA0                               00000000
RA1                               00000001
RA2                               00000002
RA3                               00000003
RA4                               00000004
RA5                               00000005
RA6                               00000006
RA7                               00000007
RB0                               00000000
RB1                               00000001
RB2                               00000002
RB3                               00000003
RB4                               00000004
RB5                               00000005
RB6                               00000006
RB7                               00000007
RBIE                              00000003
RBIF                              00000000
RBIP                              00000000
RBPU                              00000007
RC0                               00000000
RC1                               00000001
RC1IE                             00000005
RC1IF                             00000005
MPASM 5.82                     CALIBRATE.ASM   3-31-2019  15:03:22         PAGE 21
Calibration Subsystem

SYMBOL TABLE
  LABEL                             VALUE 

RC1IP                             00000005
RC1REG                            00000FAE
RC1STA                            00000FAB
RC2                               00000002
RC2IE                             00000005
RC2IF                             00000005
RC2IP                             00000005
RC2REG                            00000F74
RC2STA                            00000F71
RC3                               00000003
RC4                               00000004
RC5                               00000005
RC6                               00000006
RC7                               00000007
RCEN                              00000003
RCIDL                             00000006
RCIE                              00000005
RCIF                              00000005
RCIP                              00000005
RCON                              00000FD0
RCREG                             00000FAE
RCREG1                            00000FAE
RCREG2                            00000F74
RCSTA                             00000FAB
RCSTA1                            00000FAB
RCSTA2                            00000F71
RD                                00000000
RD0                               00000000
RD1                               00000001
RD16                              00000001
RD2                               00000002
RD3                               00000003
RD4                               00000004
RD5                               00000005
RD6                               00000006
RD7                               00000007
RE0                               00000000
RE1                               00000001
RE2                               00000002
RE3                               00000003
RI                                00000004
RSEN                              00000001
RX                                00000007
RX1                               00000007
RX2                               00000007
RX9                               00000006
RX91                              00000006
RX92                              00000006
RX9D                              00000000
RX9D1                             00000000
RX9D2                             00000000
R_NOT_W                           00000002
R_W                               00000002
MPASM 5.82                     CALIBRATE.ASM   3-31-2019  15:03:22         PAGE 22
Calibration Subsystem

SYMBOL TABLE
  LABEL                             VALUE 

S                                 00000003
SBCDE                             00000002
SBOREN                            00000006
SCIE                              00000005
SCK                               00000003
SCK1                              00000003
SCK2                              00000000
SCKP                              00000004
SCL                               00000003
SCL1                              00000003
SCL2                              00000000
SCS0                              00000000
SCS1                              00000001
SDA                               00000004
SDA1                              00000004
SDA2                              00000001
SDAHT                             00000003
SDI                               00000004
SDI1                              00000004
SDI2                              00000001
SDO                               00000005
SDO1                              00000005
SDO2                              00000004
SEN                               00000000
SENDB                             00000003
SENDB1                            00000003
SENDB2                            00000003
SLRA                              00000000
SLRB                              00000001
SLRC                              00000002
SLRCON                            00000F60
SLRD                              00000003
SLRE                              00000004
SMP                               00000007
SOSCGO                            00000003
SOSCRUN                           00000006
SP0                               00000000
SP1                               00000001
SP1BRG                            00000FAF
SP1BRGH                           00000FB0
SP2                               00000002
SP2BRG                            00000F75
SP2BRGH                           00000F76
SP3                               00000003
SP4                               00000004
SPBRG                             00000FAF
SPBRG1                            00000FAF
SPBRG2                            00000F75
SPBRGH                            00000FB0
SPBRGH1                           00000FB0
SPBRGH2                           00000F76
SPEN                              00000007
SPEN1                             00000007
MPASM 5.82                     CALIBRATE.ASM   3-31-2019  15:03:22         PAGE 23
Calibration Subsystem

SYMBOL TABLE
  LABEL                             VALUE 

SPEN2                             00000007
SRCLK0                            00000004
SRCLK1                            00000005
SRCLK2                            00000006
SRCON0                            00000F47
SRCON1                            00000F46
SREN                              00000005
SREN1                             00000005
SREN2                             00000005
SRI                               00000000
SRLEN                             00000007
SRNQ                              00000005
SRNQEN                            00000002
SRPR                              00000000
SRPS                              00000001
SRQ                               00000004
SRQEN                             00000003
SRRC1E                            00000000
SRRC2E                            00000001
SRRCKE                            00000002
SRRPE                             00000003
SRSC1E                            00000004
SRSC2E                            00000005
SRSCKE                            00000006
SRSPE                             00000007
SS                                00000005
SS1                               00000005
SS2                               00000003
SSDTABLE                          000000A8
SSP1ADD                           00000FC8
SSP1BUF                           00000FC9
SSP1CON1                          00000FC6
SSP1CON2                          00000FC5
SSP1CON3                          00000FCB
SSP1IE                            00000003
SSP1IF                            00000003
SSP1IP                            00000003
SSP1MSK                           00000FCA
SSP1STAT                          00000FC7
SSP2ADD                           00000F6E
SSP2BUF                           00000F6F
SSP2CON1                          00000F6C
SSP2CON2                          00000F6B
SSP2CON3                          00000F69
SSP2IE                            00000007
SSP2IF                            00000007
SSP2IP                            00000007
SSP2MSK                           00000F6A
SSP2STAT                          00000F6D
SSPADD                            00000FC8
SSPBUF                            00000FC9
SSPCON1                           00000FC6
SSPCON2                           00000FC5
MPASM 5.82                     CALIBRATE.ASM   3-31-2019  15:03:22         PAGE 24
Calibration Subsystem

SYMBOL TABLE
  LABEL                             VALUE 

SSPCON3                           00000FCB
SSPEN                             00000005
SSPIE                             00000003
SSPIF                             00000003
SSPIP                             00000003
SSPM0                             00000000
SSPM1                             00000001
SSPM2                             00000002
SSPM3                             00000003
SSPMSK                            00000FCA
SSPOV                             00000006
SSPSTAT                           00000FC7
STATUS                            00000FD8
STKFUL                            00000007
STKOVF                            00000007
STKPTR                            00000FFC
STKPTR0                           00000000
STKPTR1                           00000001
STKPTR2                           00000002
STKPTR3                           00000003
STKPTR4                           00000004
STKUNF                            00000006
STR1A                             00000000
STR1B                             00000001
STR1C                             00000002
STR1D                             00000003
STR1SYNC                          00000004
STR2A                             00000000
STR2B                             00000001
STR2C                             00000002
STR2D                             00000003
STR2SYNC                          00000004
STR3A                             00000000
STR3B                             00000001
STR3C                             00000002
STR3D                             00000003
STR3SYNC                          00000004
SWDTE                             00000000
SWDTEN                            00000000
SYNC                              00000004
SYNC1                             00000004
SYNC2                             00000004
T08BIT                            00000006
T0CKI                             00000004
T0CON                             00000FD5
T0CS                              00000005
T0IE                              00000005
T0IF                              00000002
T0PS0                             00000000
T0PS1                             00000001
T0PS2                             00000002
T0SE                              00000004
T1CKI                             00000000
MPASM 5.82                     CALIBRATE.ASM   3-31-2019  15:03:22         PAGE 25
Calibration Subsystem

SYMBOL TABLE
  LABEL                             VALUE 

T1CKPS0                           00000004
T1CKPS1                           00000005
T1CON                             00000FCD
T1G                               00000005
T1GCON                            00000FCC
T1GGO                             00000003
T1GGO_NOT_DONE                    00000003
T1GPOL                            00000006
T1GSPM                            00000004
T1GSS0                            00000000
T1GSS1                            00000001
T1GTM                             00000005
T1GVAL                            00000002
T1G_DONE                          00000003
T1OSCEN                           00000003
T1OSI                             00000001
T1OSO                             00000000
T1RD16                            00000001
T1SOSCEN                          00000003
T1SYNC                            00000002
T2CKPS0                           00000000
T2CKPS1                           00000001
T2CON                             00000FBA
T2OUTPS0                          00000003
T2OUTPS1                          00000004
T2OUTPS2                          00000005
T2OUTPS3                          00000006
T3CKI_PORTB                       00000005
T3CKI_PORTC                       00000000
T3CKPS0                           00000004
T3CKPS1                           00000005
T3CON                             00000FB1
T3G                               00000000
T3GCON                            00000FB4
T3GGO                             00000003
T3GGO_NOT_DONE                    00000003
T3GPOL                            00000006
T3GSPM                            00000004
T3GSS0                            00000000
T3GSS1                            00000001
T3GTM                             00000005
T3GVAL                            00000002
T3G_DONE                          00000003
T3OSCEN                           00000003
T3RD16                            00000001
T3SOSCEN                          00000003
T4CKPS0                           00000000
T4CKPS1                           00000001
T4CON                             00000F51
T4OUTPS0                          00000003
T4OUTPS1                          00000004
T4OUTPS2                          00000005
T4OUTPS3                          00000006
MPASM 5.82                     CALIBRATE.ASM   3-31-2019  15:03:22         PAGE 26
Calibration Subsystem

SYMBOL TABLE
  LABEL                             VALUE 

T5CKI                             00000002
T5CKPS0                           00000004
T5CKPS1                           00000005
T5CON                             00000F4E
T5G                               00000004
T5GCON                            00000F4D
T5GGO                             00000003
T5GGO_NOT_DONE                    00000003
T5GPOL                            00000006
T5GSPM                            00000004
T5GSS0                            00000000
T5GSS1                            00000001
T5GTM                             00000005
T5GVAL                            00000002
T5G_DONE                          00000003
T5RD16                            00000001
T5SOSCEN                          00000003
T5SYNC                            00000002
T6CKPS0                           00000000
T6CKPS1                           00000001
T6CON                             00000F4A
T6OUTPS0                          00000003
T6OUTPS1                          00000004
T6OUTPS2                          00000005
T6OUTPS3                          00000006
TABLAT                            00000FF5
TBLPTR                            00000FF6
TBLPTRH                           00000FF7
TBLPTRL                           00000FF6
TBLPTRU                           00000FF8
TGEN                              00000004
TMR0                              00000FD6
TMR0H                             00000FD7
TMR0IE                            00000005
TMR0IF                            00000002
TMR0IP                            00000002
TMR0L                             00000FD6
TMR0ON                            00000007
TMR1                              00000FCE
TMR1CS0                           00000006
TMR1CS1                           00000007
TMR1GE                            00000007
TMR1GIE                           00000000
TMR1GIF                           00000000
TMR1GIP                           00000000
TMR1H                             00000FCF
TMR1IE                            00000000
TMR1IF                            00000000
TMR1IP                            00000000
TMR1L                             00000FCE
TMR1MD                            00000000
TMR1ON                            00000000
TMR2                              00000FBC
MPASM 5.82                     CALIBRATE.ASM   3-31-2019  15:03:22         PAGE 27
Calibration Subsystem

SYMBOL TABLE
  LABEL                             VALUE 

TMR2IE                            00000001
TMR2IF                            00000001
TMR2IP                            00000001
TMR2MD                            00000001
TMR2ON                            00000002
TMR3                              00000FB2
TMR3CS0                           00000006
TMR3CS1                           00000007
TMR3GE                            00000007
TMR3GIE                           00000001
TMR3GIF                           00000001
TMR3GIP                           00000001
TMR3H                             00000FB3
TMR3IE                            00000001
TMR3IF                            00000001
TMR3IP                            00000001
TMR3L                             00000FB2
TMR3MD                            00000002
TMR3ON                            00000000
TMR4                              00000F53
TMR4IE                            00000000
TMR4IF                            00000000
TMR4IP                            00000000
TMR4MD                            00000003
TMR4ON                            00000002
TMR5                              00000F4F
TMR5CS0                           00000006
TMR5CS1                           00000007
TMR5GE                            00000007
TMR5GIE                           00000002
TMR5GIF                           00000002
TMR5GIP                           00000002
TMR5H                             00000F50
TMR5IE                            00000001
TMR5IF                            00000001
TMR5IP                            00000001
TMR5L                             00000F4F
TMR5MD                            00000004
TMR5ON                            00000000
TMR6                              00000F4C
TMR6IE                            00000002
TMR6IF                            00000002
TMR6IP                            00000002
TMR6MD                            00000005
TMR6ON                            00000002
TO                                00000003
TOS                               00000FFD
TOSH                              00000FFE
TOSL                              00000FFD
TOSU                              00000FFF
TRIGSEL                           00000007
TRISA                             00000F92
TRISA0                            00000000
MPASM 5.82                     CALIBRATE.ASM   3-31-2019  15:03:22         PAGE 28
Calibration Subsystem

SYMBOL TABLE
  LABEL                             VALUE 

TRISA1                            00000001
TRISA2                            00000002
TRISA3                            00000003
TRISA4                            00000004
TRISA5                            00000005
TRISA6                            00000006
TRISA7                            00000007
TRISB                             00000F93
TRISB0                            00000000
TRISB1                            00000001
TRISB2                            00000002
TRISB3                            00000003
TRISB4                            00000004
TRISB5                            00000005
TRISB6                            00000006
TRISB7                            00000007
TRISC                             00000F94
TRISC0                            00000000
TRISC1                            00000001
TRISC2                            00000002
TRISC3                            00000003
TRISC4                            00000004
TRISC5                            00000005
TRISC6                            00000006
TRISC7                            00000007
TRISD                             00000F95
TRISD0                            00000000
TRISD1                            00000001
TRISD2                            00000002
TRISD3                            00000003
TRISD4                            00000004
TRISD5                            00000005
TRISD6                            00000006
TRISD7                            00000007
TRISE                             00000F96
TRISE0                            00000000
TRISE1                            00000001
TRISE2                            00000002
TRMT                              00000001
TRMT1                             00000001
TRMT2                             00000001
TUN0                              00000000
TUN1                              00000001
TUN2                              00000002
TUN3                              00000003
TUN4                              00000004
TUN5                              00000005
TX                                00000006
TX1                               00000006
TX1IE                             00000004
TX1IF                             00000004
TX1IP                             00000004
TX1REG                            00000FAD
MPASM 5.82                     CALIBRATE.ASM   3-31-2019  15:03:22         PAGE 29
Calibration Subsystem

SYMBOL TABLE
  LABEL                             VALUE 

TX1STA                            00000FAC
TX2                               00000006
TX2IE                             00000004
TX2IF                             00000004
TX2IP                             00000004
TX2REG                            00000F73
TX2STA                            00000F72
TX9                               00000006
TX91                              00000006
TX92                              00000006
TX9D                              00000000
TX9D1                             00000000
TX9D2                             00000000
TXEN                              00000005
TXEN1                             00000005
TXEN2                             00000005
TXIE                              00000004
TXIF                              00000004
TXIP                              00000004
TXREG                             00000FAD
TXREG1                            00000FAD
TXREG2                            00000F73
TXSTA                             00000FAC
TXSTA1                            00000FAC
TXSTA2                            00000F72
UA                                00000001
UART1MD                           00000006
UART2MD                           00000007
VDIRMAG                           00000007
VPP                               00000003
VREFCON0                          00000F42
VREFCON1                          00000F41
VREFCON2                          00000F40
VREFM                             00000002
VREFN                             00000002
VREFP                             00000003
W                                 00000000
WCOL                              00000007
WDTCON                            00000FD1
WPUB                              00000F61
WPUB0                             00000000
WPUB1                             00000001
WPUB2                             00000002
WPUB3                             00000003
WPUB4                             00000004
WPUB5                             00000005
WPUB6                             00000006
WPUB7                             00000007
WPUE3                             00000007
WR                                00000001
WREG                              00000FE8
WREN                              00000002
WRERR                             00000003
MPASM 5.82                     CALIBRATE.ASM   3-31-2019  15:03:22         PAGE 30
Calibration Subsystem

SYMBOL TABLE
  LABEL                             VALUE 

WUE                               00000001
Z                                 00000002
_.org_1_0018                      00000018
_.org_1_006A                      0000006A
_BOREN_NOSLP_2L                   000000FD
_BOREN_OFF_2L                     000000F9
_BOREN_ON_2L                      000000FB
_BOREN_SBORDIS_2L                 000000FF
_BORV_190_2L                      000000FF
_BORV_220_2L                      000000F7
_BORV_250_2L                      000000EF
_BORV_285_2L                      000000E7
_CCP2MX_PORTB3_3H                 000000FE
_CCP2MX_PORTC1_3H                 000000FF
_CCP3MX_PORTB5_3H                 000000FF
_CCP3MX_PORTE0_3H                 000000FB
_CONFIG1H                         00300001
_CONFIG2H                         00300003
_CONFIG2L                         00300002
_CONFIG3H                         00300005
_CONFIG4L                         00300006
_CONFIG5H                         00300009
_CONFIG5L                         00300008
_CONFIG6H                         0030000B
_CONFIG6L                         0030000A
_CONFIG7H                         0030000D
_CONFIG7L                         0030000C
_CP0_OFF_5L                       000000FF
_CP0_ON_5L                        000000FE
_CP1_OFF_5L                       000000FF
_CP1_ON_5L                        000000FD
_CP2_OFF_5L                       000000FF
_CP2_ON_5L                        000000FB
_CP3_OFF_5L                       000000FF
_CP3_ON_5L                        000000F7
_CPB_OFF_5H                       000000FF
_CPB_ON_5H                        000000BF
_CPD_OFF_5H                       000000FF
_CPD_ON_5H                        0000007F
_DEBUG_OFF_4L                     000000FF
_DEBUG_ON_4L                      0000007F
_DEVID1                           003FFFFE
_DEVID2                           003FFFFF
_EBTR0_OFF_7L                     000000FF
_EBTR0_ON_7L                      000000FE
_EBTR1_OFF_7L                     000000FF
_EBTR1_ON_7L                      000000FD
_EBTR2_OFF_7L                     000000FF
_EBTR2_ON_7L                      000000FB
_EBTR3_OFF_7L                     000000FF
_EBTR3_ON_7L                      000000F7
_EBTRB_OFF_7H                     000000FF
_EBTRB_ON_7H                      000000BF
MPASM 5.82                     CALIBRATE.ASM   3-31-2019  15:03:22         PAGE 31
Calibration Subsystem

SYMBOL TABLE
  LABEL                             VALUE 

_FCMEN_OFF_1H                     000000BF
_FCMEN_ON_1H                      000000FF
_FOSC_ECHPIO6_1H                  000000F5
_FOSC_ECHP_1H                     000000F4
_FOSC_ECLPIO6_1H                  000000FD
_FOSC_ECLP_1H                     000000FC
_FOSC_ECMPIO6_1H                  000000FB
_FOSC_ECMP_1H                     000000FA
_FOSC_HSHP_1H                     000000F2
_FOSC_HSMP_1H                     000000F3
_FOSC_INTIO67_1H                  000000F8
_FOSC_INTIO7_1H                   000000F9
_FOSC_LP_1H                       000000F0
_FOSC_RCIO6_1H                    000000F7
_FOSC_RC_1H                       000000F6
_FOSC_XT_1H                       000000F1
_HFOFST_OFF_3H                    000000F7
_HFOFST_ON_3H                     000000FF
_IDLOC0                           00200000
_IDLOC1                           00200001
_IDLOC2                           00200002
_IDLOC3                           00200003
_IDLOC4                           00200004
_IDLOC5                           00200005
_IDLOC6                           00200006
_IDLOC7                           00200007
_IESO_OFF_1H                      0000007F
_IESO_ON_1H                       000000FF
_LVP_OFF_4L                       000000FB
_LVP_ON_4L                        000000FF
_MCLRE_EXTMCLR_3H                 000000FF
_MCLRE_INTMCLR_3H                 0000007F
_P2BMX_PORTC0_3H                  000000DF
_P2BMX_PORTD2_3H                  000000FF
_PBADEN_OFF_3H                    000000FD
_PBADEN_ON_3H                     000000FF
_PLLCFG_OFF_1H                    000000EF
_PLLCFG_ON_1H                     000000FF
_PRICLKEN_OFF_1H                  000000DF
_PRICLKEN_ON_1H                   000000FF
_PWRTEN_OFF_2L                    000000FF
_PWRTEN_ON_2L                     000000FE
_STVREN_OFF_4L                    000000FE
_STVREN_ON_4L                     000000FF
_T3CMX_PORTB5_3H                  000000EF
_T3CMX_PORTC0_3H                  000000FF
_WDTEN_NOSLP_2H                   000000FD
_WDTEN_OFF_2H                     000000FC
_WDTEN_ON_2H                      000000FF
_WDTEN_SWON_2H                    000000FE
_WDTPS_1024_2H                    000000EB
_WDTPS_128_2H                     000000DF
_WDTPS_16384_2H                   000000FB
MPASM 5.82                     CALIBRATE.ASM   3-31-2019  15:03:22         PAGE 32
Calibration Subsystem

SYMBOL TABLE
  LABEL                             VALUE 

_WDTPS_16_2H                      000000D3
_WDTPS_1_2H                       000000C3
_WDTPS_2048_2H                    000000EF
_WDTPS_256_2H                     000000E3
_WDTPS_2_2H                       000000C7
_WDTPS_32768_2H                   000000FF
_WDTPS_32_2H                      000000D7
_WDTPS_4096_2H                    000000F3
_WDTPS_4_2H                       000000CB
_WDTPS_512_2H                     000000E7
_WDTPS_64_2H                      000000DB
_WDTPS_8192_2H                    000000F7
_WDTPS_8_2H                       000000CF
_WRT0_OFF_6L                      000000FF
_WRT0_ON_6L                       000000FE
_WRT1_OFF_6L                      000000FF
_WRT1_ON_6L                       000000FD
_WRT2_OFF_6L                      000000FF
_WRT2_ON_6L                       000000FB
_WRT3_OFF_6L                      000000FF
_WRT3_ON_6L                       000000F7
_WRTB_OFF_6H                      000000FF
_WRTB_ON_6H                       000000BF
_WRTC_OFF_6H                      000000FF
_WRTC_ON_6H                       000000DF
_WRTD_OFF_6H                      000000FF
_WRTD_ON_6H                       0000007F
_XINST_OFF_4L                     000000BF
_XINST_ON_4L                      000000FF
__18F45K22                        00000001
__DEBUG                           
__MPLAB_DEBUGGER_PK3              1
blackValue                        00000004
blueValue                         00000001
calOffset                         00000006
calRounds                         00000007
debugCalibrate                    000000F0
debugMessage                      000000DE
debugProgram                      000000EA
debugRace                         000000E4
delayCounter                      00000005
greenValue                        00000002
redValue                          00000000
start                             00000014
stateBits                         00000008
whiteValue                        00000003

Errors   :     0
Warnings :     0 reported,     0 suppressed
Messages :     0 reported,     0 suppressed

