MPASM 5.82                      CODE_1_1.ASM   3-31-2019  22:40:29         PAGE  1


LOC  OBJECT CODE     LINE SOURCE TEXT
  VALUE

                      00001 ; TODO INSERT INCLUDE CODE HERE
                      00002     list p=PIC18F45K22
                      00003     #include "p18f45K22.inc"
                      00001         LIST
                      00002 
                      00003 ;==========================================================================
                      00004 ; Build date : Sep 19 2018
                      00005 ;  MPASM PIC18F45K22 processor include
                      00006 ; 
                      00007 ;  (c) Copyright 1999-2018 Microchip Technology, All rights reserved
                      00008 ;==========================================================================
                      00009 
                      02795         LIST
                      00004 ;*******************************************************************************
                      00005 ;
                      00006 ; TODO Step #2 - Configuration Word Setup
                      00007 ;
                      00008  ;--- Configuration bits ---
                      00009     CONFIG  FOSC = INTIO67        ; Oscillator Selection bits (Internal oscillator block, port function 
                            on RA6 and RA7)
                      00010     CONFIG  WDTEN = OFF           ; Watchdog Timer Enable bit (WDT is controlled by SWDTEN bit of the WD
                            TCON register)
                      00011     CONFIG  LVP = ON
                      00012      
                      00013     
                      00014     
                      00015 
                      00016      CBLOCK 0x00
                      00017    
  00000000            00018     col
  00000001            00019     count
  00000002            00020     mes1
  00000003            00021     mes2
  00000004            00022     mes3
  00000005            00023     cnt
  00000006            00024     reg
  00000007            00025     size
  00000008            00026     eep1
  00000009            00027     eep2
  0000000A            00028     eep3
  0000000B            00029     eep4
  0000000C            00030     eep5
  0000000D            00031     eep6
  0000000E            00032     eep7
  0000000F            00033     eep8
  00000010            00034     eep9
  00000011            00035     eep10
  00000012            00036     loop
  00000013            00037     newsize
  00000014            00038     redValue    ; These will store the values read by the cal subroutine come prac 2
  00000015            00039     blueValue
  00000016            00040     greenValue
  00000017            00041     whiteValue
MPASM 5.82                      CODE_1_1.ASM   3-31-2019  22:40:29         PAGE  2


LOC  OBJECT CODE     LINE SOURCE TEXT
  VALUE

  00000018            00042     blackValue
  00000019            00043     delayCounter    ; Used to make a 3s delay for calibration subroutine
  0000001A            00044     calOffset   ; The offset used to display the right character on the SSD
  0000001B            00045     calRounds   ; The number of times the calibration subroutine must be run = 5
  0000001C            00046     stateBits   ; One-hot encoding indicating the current state
                      00047                     ; 7 = MSG, 6 = RCE, 5 = PRC, 4 = CAL
  0000001D            00048     portAbackup ; this stores whatever was in PORTA before the debugging interrupt so it can be restored
  0000001E            00049     delay1
  0000001F            00050     delay2
  00000020            00051     delay3
                      00052     ENDC
                      00053     
                      00054     org 0h
000000 EF?? F???      00055     GOTO setup   
                      00056     org 8h
000008 B29E           00057     BTFSC   PIR1,TMR2IF     ; Test the interrupt flag of timer 2
00000A EF?? F???      00058     GOTO    CALIBRATE_SUB   ; Got to cal subroutine
00000E B2F2           00059     BTFSC   INTCON,INT0IF      ; Test the interrupt flag of PORTB pin 0
000010 EF?? F???      00060     GOTO    DEBUG_SUB       ; Go to the debugging subroutine
                      00061 
000014                00062 setup
                      00063     ;setup
                      00064      ;oscillator setup
000014 88D3           00065         BSF     OSCCON,IRCF0
000016 8AD3           00066         BSF     OSCCON,IRCF1
000018 9CD3           00067         BCF     OSCCON,IRCF2
                      00068      ; Initialize Port A        (just flashes an LED in my program)
00001A 010F           00069     MOVLB       0xF                 ; Set BSR for banked SFRs
00001C 6A80           00070     CLRF        PORTA           ; Initialize PORTA by clearing output data latches
00001E 6A89           00071     CLRF        LATA            ; Alternate method to clear output data latches
000020 6A92           00072     CLRF        TRISA           ; clear bits for all pins
000022 6B38           00073     CLRF        ANSELA          ; clear bits for all pins       
000024 6A8B           00074     CLRF        LATC
000026 6A94           00075     CLRF        TRISC
000028 6B3A           00076     CLRF        ANSELC
                      00077     
                      00078     ; Initialize Port B (button interrupt for debugging subsystem)
00002A 6A81           00079     CLRF    PORTB
00002C 6A8A           00080     CLRF    LATB
00002E 0E01           00081     MOVLW   b'00000001' 
000030 6E93           00082     MOVWF   TRISB
000032 6B39           00083     CLRF    ANSELB
                      00084     ; Initialize Port D (SSD port)
000034 6A83           00085     CLRF        PORTD           ; Initialize PORTD by clearing output data latches
000036 6A8C           00086     CLRF        LATD            ; Alternate method to clear output data latches
000038 6A95           00087     CLRF        TRISD           ; clear bits for all pins
00003A 6B3B           00088     CLRF        ANSELD          ; clear bits for all pins
00003C 0EFF           00089     MOVLW       0xFF    
00003E 6E83           00090     MOVWF       PORTD
                      00091     
000040 8CF2           00092     BSF     INTCON,PEIE         ; Enable peripheral interrupts
000042 8EF2           00093     BSF     INTCON,GIE          ; Enable global interrupts
                      00094 
MPASM 5.82                      CODE_1_1.ASM   3-31-2019  22:40:29         PAGE  3


LOC  OBJECT CODE     LINE SOURCE TEXT
  VALUE

000044 88F2           00095     BSF     INTCON,INT0IE
000046 92F2           00096     BCF     INTCON,INT0IF
                      00097 
000048 8A9D           00098     BSF     PIE1,RC1IE          ; Set RCIE Interrupt Enable
00004A 8AA0           00099     BSF     PIE2,RC2IE          ; Set RCIE Interrupt Enable
                      00100     ;BSF            IPR1,RC1IP
00004C 9A9E           00101     BCF     PIR1,RCIF
                      00102    
                      00103     ;setup port for transmission
00004E 6A00           00104     CLRF    FSR0
000050 0E24           00105     MOVLW       b'00100100'     ;enable TXEN and BRGH
000052 6EAC           00106     MOVWF       TXSTA1
000054 0E90           00107     MOVLW       b'10010000'         ;enable serial port and continuous receive 
000056 6EAB           00108     MOVWF       RCSTA1
000058 0E19           00109     MOVLW       D'25'
00005A 6EAF           00110     MOVWF       SPBRG1
00005C 6AB0           00111     CLRF    SPBRGH1
00005E 96B8           00112     BCF     BAUDCON1,BRG16      ; Use 8 bit baud generator
000060 8C94           00113     BSF     TRISC,TX1           ; make TX an output pin
000062 8E94           00114     BSF     TRISC,RX            ; make RX an input pin
                      00115     
000064 6B3A           00116     CLRF    ANSELC
000066 0100           00117     MOVLB       0x0              
000068 6E07           00118     MOVWF   size
00006A EF?? F???      00119     GOTO    startup
                      00120     
00006E EE10 F008      00121 startup LFSR    1,0x08  
000072 CFE7 FFE8      00122 T1      MOVFF   INDF1,WREG
000076 EC?? F???      00123         call trans
00007A 2AE1           00124         INCF    FSR1L,F
00007C 2E07           00125         DECFSZ  size
00007E D???           00126         BRA T1
000080 0E42           00127         MOVLW   42h                     ;set blue as default colour
000082 6E00           00128         MOVWF   col
000084 EF?? F???      00129         GOTO    RCE
                      00130     
000088                00131 RCE     
000088 0E4D           00132         MOVLW   A'M'
00008A EC?? F???      00133         call trans
00008E 0E41           00134         MOVLW   A'A'
000090 EC?? F???      00135         call trans
000094 0E52           00136         MOVLW   A'R'
000096 EC?? F???      00137         call trans
00009A 0E56           00138         MOVLW   A'V'
00009C EC?? F???      00139         call trans
0000A0 0E20           00140         MOVLW   A' '
0000A2 EC?? F???      00141         call trans
0000A6 0E72           00142         MOVLW   A'r'
0000A8 EC?? F???      00143         call trans
0000AC 0E61           00144         MOVLW   A'a'
0000AE EC?? F???      00145         call trans
0000B2 0E63           00146         MOVLW   A'c'
0000B4 EC?? F???      00147         call trans
MPASM 5.82                      CODE_1_1.ASM   3-31-2019  22:40:29         PAGE  4


LOC  OBJECT CODE     LINE SOURCE TEXT
  VALUE

0000B8 0E65           00148         MOVLW   A'e'
0000BA EC?? F???      00149         call trans
0000BE 0E73           00150         MOVLW   A's'
0000C0 EC?? F???      00151         call trans
0000C4 0E20           00152         MOVLW   A' '
0000C6 EC?? F???      00153         call trans
0000CA 5000           00154         MOVF    col,0   
0000CC EC?? F???      00155         call trans
0000D0 EF?? F???      00156         GOTO    R1
                      00157         
0000D4 EE00 F002      00158 R1      LFSR 0,0x02
0000D8 0E03           00159         MOVLW   D'3'
0000DA 6E05           00160         MOVWF   cnt
0000DC AA9E           00161 R2      BTFSS PIR1,RC1IF        ; check if something is received
0000DE D???           00162         BRA R2
0000E0 CFAE FFEF      00163 cat     MOVFF   RCREG, INDF0
0000E4 28E9           00164         INCF    FSR0L,0
0000E6 4E05           00165         DCFSNZ  cnt 
0000E8 EF?? F???      00166         GOTO    PRO
0000EC EF?? F???      00167         GOTO    R2
                      00168         
0000F0 EE00 F002      00169 PRO     LFSR    0,0x02
0000F4 0E4D           00170         MOVLW   A'M'
0000F6 18EF           00171         XORWF   INDF0,W
0000F8 B4D8           00172         BTFSC   STATUS,Z
0000FA EF?? F???      00173         GOTO    Pro1
0000FE 0E50           00174         MOVLW   A'P'
000100 18EF           00175         XORWF   INDF0,W
000102 B4D8           00176         BTFSC   STATUS,Z
000104 EF?? F???      00177         GOTO    Pro2
000108 0E52           00178         MOVLW   A'R'
00010A 18EF           00179         XORWF   INDF0,W
00010C B4D8           00180         BTFSC   STATUS,Z
00010E EF?? F???      00181         GOTO    Pro3
000112 0E43           00182         MOVLW   A'C'
000114 18EF           00183         XORWF   INDF0,W
000116 B4D8           00184         BTFSC   STATUS,Z
000118 EF?? F???      00185         GOTO    Pro4
00011C EF?? F???      00186         GOTO    err
                      00187         
000120 EE00 F003      00188 Pro1    LFSR    0,0x03              ;check if msg 
000124 0E53           00189         MOVLW   A'S'
000126 18EF           00190         XORWF   INDF0,W
000128 A4D8           00191         BTFSS   STATUS,Z
00012A EF?? F???      00192         GOTO    err
00012E EE00 F004      00193         LFSR    0,0x04
000132 0E47           00194         MOVLW   A'G'
000134 18EF           00195         XORWF   INDF0,W
000136 B4D8           00196         BTFSC   STATUS,Z
000138 EF?? F???      00197         GOTO    MSG
00013C EF?? F???      00198         GOTO    err
                      00199         
000140 EE00 F003      00200 Pro2    LFSR    0,0x03              ;check if prc
MPASM 5.82                      CODE_1_1.ASM   3-31-2019  22:40:29         PAGE  5


LOC  OBJECT CODE     LINE SOURCE TEXT
  VALUE

000144 0E52           00201         MOVLW   A'R'
000146 18EF           00202         XORWF   INDF0,W
000148 A4D8           00203         BTFSS   STATUS,Z
00014A EF?? F???      00204         GOTO    err
00014E EE00 F004      00205         LFSR    0,0x04
000152 0E43           00206         MOVLW   A'C'
000154 18EF           00207         XORWF   INDF0,W
000156 B4D8           00208         BTFSC   STATUS,Z
000158 EF?? F???      00209         GOTO    PRC
00015C EF?? F???      00210         GOTO    err
                      00211         
000160 EE00 F003      00212 Pro3    LFSR    0,0x03              ;check if rce
000164 0E43           00213         MOVLW   A'C'
000166 18EF           00214         XORWF   INDF0,W
000168 A4D8           00215         BTFSS   STATUS,Z
00016A EF?? F???      00216         GOTO    err
00016E EE00 F004      00217         LFSR    0,0x04
000172 0E45           00218         MOVLW   A'E'
000174 18EF           00219         XORWF   INDF0,W
000176 B4D8           00220         BTFSC   STATUS,Z
000178 EF?? F???      00221         GOTO    RCE1
00017C EF?? F???      00222         GOTO    err
                      00223         
000180 EE00 F003      00224 Pro4    LFSR    0,0x03              ;check if cal
000184 0E41           00225         MOVLW   A'A'
000186 18EF           00226         XORWF   INDF0,W
000188 A4D8           00227         BTFSS   STATUS,Z
00018A EF?? F???      00228         GOTO    err
00018E EE00 F004      00229         LFSR    0,0x04
000192 0E4C           00230         MOVLW   A'L'
000194 18EF           00231         XORWF   INDF0,W
000196 B4D8           00232         BTFSC   STATUS,Z
000198 EF?? F???      00233         GOTO    CAL
00019C EF?? F???      00234         GOTO    err
                      00235         
0001A0 0E45           00236 err     MOVLW   A'E'                ;display error
0001A2 EC?? F???      00237         call trans
0001A6 0E52           00238         MOVLW   A'R'
0001A8 EC?? F???      00239         call trans
0001AC 0E52           00240         MOVLW   A'R'
0001AE EC?? F???      00241         call trans
0001B2 0E4F           00242         MOVLW   A'O'
0001B4 EC?? F???      00243         call trans
0001B8 0E52           00244         MOVLW   A'R'
0001BA EC?? F???      00245         call trans
0001BE EF?? F???      00246         GOTO R1
                      00247         
0001C2 0E00           00248 MSG     MOVLW   D'0'
0001C4 5013           00249         MOVF    newsize,0
0001C6 EE00 F008      00250         LFSR    0,0x08
0001CA 0E0A           00251         MOVLW   D'10'
0001CC 6E05           00252         MOVWF   cnt
0001CE 6AEF           00253 clear   CLRF    INDF0
MPASM 5.82                      CODE_1_1.ASM   3-31-2019  22:40:29         PAGE  6


LOC  OBJECT CODE     LINE SOURCE TEXT
  VALUE

0001D0 4E05           00254         DCFSNZ  cnt
0001D2 EF?? F???      00255         GOTO    R6
0001D6 EF?? F???      00256         GOTO    clear
0001DA EE00 F008      00257 R6      LFSR    0,0x08
0001DE AA9E           00258 R7      BTFSS   PIR1, RCIF      ; check if something is received
0001E0 D???           00259         BRA     R7
0001E2 CFAE FFEF      00260         MOVFF   RCREG, INDF0
0001E6 0E24           00261         MOVLW   A'$'
0001E8 18EF           00262         XORWF   INDF0,W
0001EA B4D8           00263         BTFSC   STATUS,Z
0001EC EF?? F???      00264         GOTO    store
0001F0 2AE9           00265         INCF    FSR0L,F
0001F2 2A13           00266         INCF    newsize,F
0001F4 0E0A           00267         MOVLW   D'10'
0001F6 6213           00268         CPFSEQ  newsize
0001F8 EF?? F???      00269         GOTO    R7 
0001FC EF?? F???      00270         GOTO    store
                      00271 
000200                00272 store
                      00273 
                      00274         
000200 EF?? F???      00275         GOTO    R4
                      00276         
000204 0E57           00277 PRC     MOVLW   A'W'
000206 EC?? F???      00278         call trans
00020A 0E68           00279         MOVLW   A'h'
00020C EC?? F???      00280         call trans
000210 0E61           00281         MOVLW   A'a'
000212 EC?? F???      00282         call trans
000216 0E74           00283         MOVLW   A't'
000218 EC?? F???      00284         call trans
00021C 0E20           00285         MOVLW   A' '
00021E EC?? F???      00286         call trans
000222 0E73           00287         MOVLW   A's'
000224 EC?? F???      00288         call trans
000228 0E68           00289         MOVLW   A'h'
00022A EC?? F???      00290         call trans
00022E 0E61           00291         MOVLW   A'a'
000230 EC?? F???      00292         call trans
000234 0E6C           00293         MOVLW   A'l'
000236 EC?? F???      00294         call trans
00023A 0E6C           00295         MOVLW   A'l'
00023C EC?? F???      00296         call trans
000240 0E4D           00297         MOVLW   A'M'
000242 EC?? F???      00298         call trans
000246 0E41           00299         MOVLW   A'A'
000248 EC?? F???      00300         call trans
00024C 0E52           00301         MOVLW   A'R'
00024E EC?? F???      00302         call trans
000252 0E56           00303         MOVLW   A'V'
000254 EC?? F???      00304         call trans
000258 0E20           00305         MOVLW   A' '
00025A EC?? F???      00306         call trans
MPASM 5.82                      CODE_1_1.ASM   3-31-2019  22:40:29         PAGE  7


LOC  OBJECT CODE     LINE SOURCE TEXT
  VALUE

00025E 0E72           00307         MOVLW   A'r'
000260 EC?? F???      00308         call trans
000264 0E61           00309         MOVLW   A'a'
000266 EC?? F???      00310         call trans
00026A 0E63           00311         MOVLW   A'c'
00026C EC?? F???      00312         call trans
000270 0E65           00313         MOVLW   A'e'
000272 EC?? F???      00314         call trans
000276 0E3F           00315         MOVLW   A'?'
000278 EC?? F???      00316         call trans
                      00317 
00027C AA9E           00318 R3      BTFSS PIR1, RCIF        ; check if something is received
00027E D???           00319         BRA R3
000280 CFAE F000      00320         MOVFF   RCREG, col
000284 EF?? F???      00321         GOTO    REC
000288 EE00 F002      00322 R4      LFSR 0,0x02
00028C 0E03           00323         MOVLW   D'3'
00028E 6E05           00324         MOVWF   cnt
000290 AA9E           00325 R5      BTFSS PIR1, RCIF        ; check if something is received
000292 D???           00326         BRA R5
000294 CFAE FFEF      00327         MOVFF   RCREG, INDF0
000298 2AE9           00328         INCF    FSR0L,F
00029A 4E05           00329         DCFSNZ  cnt 
00029C EF?? F???      00330         GOTO    PROC
0002A0 EF?? F???      00331         GOTO    R5
                      00332 
0002A4 EE00 F000      00333 REC     LFSR    0,0x00
0002A8 0E42           00334         MOVLW   A'B'
0002AA 18EF           00335         XORWF   INDF0,W
0002AC B4D8           00336         BTFSC   STATUS,Z
0002AE EF?? F???      00337         GOTO    R4
0002B2 0E52           00338         MOVLW   A'R'
0002B4 18EF           00339         XORWF   INDF0,W
0002B6 B4D8           00340         BTFSC   STATUS,Z
0002B8 EF?? F???      00341         GOTO    R4
0002BC 0E47           00342         MOVLW   A'G'
0002BE 18EF           00343         XORWF   INDF0,W
0002C0 B4D8           00344         BTFSC   STATUS,Z
0002C2 EF?? F???      00345         GOTO    R4
0002C6 0E6E           00346         MOVLW   A'n'
0002C8 18EF           00347         XORWF   INDF0,W
0002CA B4D8           00348         BTFSC   STATUS,Z
0002CC EF?? F???      00349         GOTO    R4
0002D0 0E4C           00350         MOVLW   A'L'
0002D2 18EF           00351         XORWF   INDF0,W
0002D4 B4D8           00352         BTFSC   STATUS,Z
0002D6 EF?? F???      00353         GOTO    R4
0002DA EF?? F???      00354         GOTO    err
                      00355         
0002DE EE00 F002      00356 PROC    LFSR    0,0x02
0002E2 0E52           00357         MOVLW   A'R'
0002E4 18EF           00358         XORWF   INDF0,W
0002E6 A4D8           00359         BTFSS   STATUS,Z
MPASM 5.82                      CODE_1_1.ASM   3-31-2019  22:40:29         PAGE  8


LOC  OBJECT CODE     LINE SOURCE TEXT
  VALUE

0002E8 EF?? F???      00360         GOTO    err
0002EC EE00 F003      00361         LFSR    0,0x03
0002F0 0E43           00362         MOVLW   A'C'
0002F2 18EF           00363         XORWF   INDF0,W
0002F4 A4D8           00364         BTFSS   STATUS,Z
0002F6 EF?? F???      00365         GOTO    err
0002FA EE00 F004      00366         LFSR    0,0x04
0002FE 0E45           00367         MOVLW   A'E'
000300 18EF           00368         XORWF   INDF0,W
000302 A4D8           00369         BTFSS   STATUS,Z
000304 EF?? F???      00370         GOTO    err
000308 EF?? F???      00371         GOTO    RCE
00030C                00372 RCE1
                      00373         
00030C                00374 trans
00030C A89E           00375 S1      BTFSS PIR1, TXIF
00030E D???           00376         BRA S1
000310 6EAD           00377         MOVWF TXREG
000312 0012           00378         return  
000314                00379 CAL
000314                00380 CALIBRATE
                      00381     ; Initialize Timer 2 registers and so on
000314 829D           00382     bsf     PIE1,TMR2IE     ; Enable Timer2 interrups
000316 0E7F           00383     MOVLW   b'01111111'     ; Set the prescaler to 16x and the postscaler to 16x
000318 6EBA           00384     MOVWF   T2CON           ; Move to the Timer2 control register
00031A 0EF5           00385     MOVLW   d'245'          ; Using 245 rollovers to get to 3s
00031C 6EBB           00386     MOVWF   PR2             ; Move that value to the period register
                      00387 
00031E 0E10           00388     MOVLW   b'00010000'     ; indicates calibrate sub
000320 6E1C           00389     MOVWF   stateBits       ; Store this incase debugging is called
                      00390     ; Initialize calibration subroutine variables
000322 0E0C           00391     MOVLW   d'12'
000324 6E19           00392     MOVWF   delayCounter    ; After 12 interrups, 3s have passed
000326 0E00           00393     MOVLW   0x0
000328 6E1A           00394     MOVWF   calOffset       ; Initialize the offset to zero, so it doesn't skip the first character
00032A 0E07           00395     MOVLW   0x7             
00032C 6E1B           00396     MOVWF   calRounds       ; We want to repeat the calibration routine five times, plus two for other s
                            hite
00032E EF?? F???      00397     GOTO    $               ; Wait here until the first interrupt
                      00398 
000332                00399 CALIBRATE_SUB
000332 929E           00400     bcf     PIR1,TMR2IF     ; clear niterrupt flag
000334 6ABC           00401     CLRF    TMR2                ; Clear timer 2 of any counts accumulated (this is as close as we can ge
                            t I guess)
000336 2E19           00402     DECFSZ  delayCounter    ; Decrement and skip if zero, store the answer in delayCounter
000338 0010           00403     RETFIE 
                      00404 
00033A EC?? F???      00405     CALL    LEDS
00033E 0E0C           00406     MOVLW   d'12'
000340 6E19           00407     MOVWF   delayCounter    ; Reset deulayCounter so that it can continue looping at the same rate
                      00408 
000342 501A           00409     MOVF    calOffset,w     ; move the offset into wreg
000344 EC?? F???      00410     CALL    SSDTABLE        ; call the lookup table
MPASM 5.82                      CODE_1_1.ASM   3-31-2019  22:40:29         PAGE  9


LOC  OBJECT CODE     LINE SOURCE TEXT
  VALUE

000348 6E83           00411     MOVWF   PORTD           ; move the bits to port B to display them on the SSD
                      00412 
00034A 0E02           00413     MOVLW   d'2'                ; move 2 into wreg
00034C 261A           00414     ADDWF   calOffset       ; add 2 to the offset - We want to post increment, because the first offset 
                            should b 0
00034E 4E1B           00415     DCFSNZ  calRounds       ; calRounds represents how many rounds of this routine we have left
000350 929D           00416     bcf     PIE1,TMR2IE     ; Disable Timer2 interrups. We're done with this subroutine now
000352 0EFF           00417     MOVLW   0xFF
000354 A29D           00418     BTFSS   PIE1,TMR2IE     ; If the timer 2 interrupt enable is ON, then skip the next line
000356 6E83           00419     MOVWF   PORTD           ; Turn off all the lights on the SSD
000358 0E00           00420     MOVLW   0x00
00035A A29D           00421     BTFSS   PIE1,TMR2IE     ; If the timer 2 interrupt enable is ON, then skip the next line
00035C 6E80           00422     MOVWF   PORTA           ; Turn off all the LEDs
00035E 6ABC           00423     CLRF    TMR2                ; Clear timer 2 of any counts accumulated during the ISR
000360 EF?? F???      00424     GOTO    RCE                     ; Return to main program
                      00425 ;
                      00426 
000364                00427 LEDS 
000364 0E00           00428     MOVLW   0x00
000366 621A           00429     CPFSEQ  calOffset       ; if the offset is zero, it is the first colour being calibrated
000368 8E80           00430     bsf     PORTA,7         ; make the MSB of porta 1
00036A 4680           00431     RLNCF   PORTA           ; rotate that in so they display on the LEDs
00036C 0010           00432     RETFIE
                      00433 
00036E                00434 SSDTABLE
00036E 26F9           00435     ADDWF   PCL             ; Add offset to the program counter
000370 0C11           00436     RETLW   b'00010001'     ; Character "R" = 0
000372 0C01           00437     RETLW   b'00000001'     ; Character "B" = 2
000374 0C41           00438     RETLW   b'01000001'     ; Character "G" = 4
000376 0C13           00439     RETLW   b'00010011'     ; Character "|^|"" (blac calibration) = 6
000378 0C83           00440     RETLW   b'10000011'     ; Character "|_|" (white) = 8
00037A 0CFF           00441     RETLW   b'11111111'     ; Dummy variable for the calibration subroutine = 10
00037C 0CD5           00442     RETLW   b'11010101'     ; Character "n" (black track racing) = 12
00037E 0CE3           00443     RETLW   b'11100011'     ; Character "L" (maze racing) = 14
000380 0C03           00444     RETLW   b'00000011'     ; Character "0" (maze racing) = 16
000382 0C9F           00445     RETLW   b'10011111'     ; Character "1" (maze racing) = 18
000384 0C25           00446     RETLW   b'00100101'     ; Character "2" (maze racing) = 20
                      00447 
                      00448 
000386                00449 DEBUG_SUB
000386 92F2           00450     bcf     INTCON,INT0IF      ; clear the interrupt flag
000388 5080           00451     MOVF    PORTA,w         ; copy porta to w
00038A 6E1D           00452     MOVWF   portAbackup     ; copy from w to the backup register 
00038C BE1C           00453     BTFSC   stateBits,7     ; check if it's in message mode
00038E EC?? F???      00454     CALL    debugMessage
000392 BC1C           00455     BTFSC   stateBits,6     ; check if it's in race mode
000394 EC?? F???      00456     CALL    debugRace
000398 BA1C           00457     BTFSC   stateBits,5     ; check if it's in programming mode
00039A EC?? F???      00458     CALL    debugProgram
00039E B81C           00459     BTFSC   stateBits,4     ; check if it's in calibration mode
0003A0 EC?? F???      00460     CALL    debugCalibrate
0003A4 501D           00461     MOVF    portAbackup,w
0003A6 6E80           00462     MOVWF   PORTA           ; restore port A contents
MPASM 5.82                      CODE_1_1.ASM   3-31-2019  22:40:29         PAGE 10


LOC  OBJECT CODE     LINE SOURCE TEXT
  VALUE

0003A8 0010           00463     RETFIE
                      00464 
0003AA                00465 debugMessage
0003AA 501A           00466     MOVF    calOffset,w
0003AC 6E80           00467     MOVWF   PORTA
0003AE EC?? F???      00468     call    delay1s
0003B2 0012           00469     RETURN
                      00470 
0003B4                00471 debugRace
0003B4 5000           00472     MOVF    col,w
0003B6 6E80           00473     MOVWF   PORTA
0003B8 EC?? F???      00474     call    delay1s
0003BC 0012           00475     RETURN
                      00476 
0003BE                00477 debugProgram
0003BE 5000           00478     MOVF    col,w
0003C0 6E80           00479     MOVWF   PORTA
0003C2 EC?? F???      00480     call    delay1s
0003C6 0012           00481     RETURN
                      00482 
0003C8                00483 debugCalibrate
0003C8 501A           00484     MOVF    calOffset,w  
0003CA 6E80           00485     MOVWF   PORTA
0003CC EC?? F???      00486     call    delay1s
0003D0 0012           00487     RETURN 
                      00488 
0003D2                00489 delay1s
0003D2 0E05           00490     MOVLW   0x05
0003D4 6E20           00491     MOVWF   delay3
0003D6                00492 Go_off0
0003D6 0EFF           00493         movlw   0xFF
0003D8 6E1F           00494         movwf   delay2
0003DA                00495 Go_off1                         
0003DA 0EFF           00496         movlw   0xFF    
0003DC 6E1E           00497         movwf   delay1
0003DE                00498 Go_off2
0003DE 2E1E           00499         decfsz  delay1,f
0003E0 EF?? F???      00500         goto    Go_off2
0003E4 2E1F           00501         decfsz  delay2,f
0003E6 EF?? F???      00502         goto    Go_off1
0003EA 2E20           00503         decfsz  delay3,f
0003EC EF?? F???      00504         goto    Go_off0
0003F0 0012           00505         RETURN
                      00506     end
MPASM 5.82                      CODE_1_1.ASM   3-31-2019  22:40:29         PAGE 11


SYMBOL TABLE
  LABEL                             VALUE 

A                                 00000000
ABDEN                             00000000
ABDOVF                            00000007
ACCESS                            00000000
ACKDT                             00000005
ACKEN                             00000004
ACKSTAT                           00000006
ACKTIM                            00000007
ACQT0                             00000003
ACQT1                             00000004
ACQT2                             00000005
ADCMD                             00000000
ADCON0                            00000FC2
ADCON1                            00000FC1
ADCON2                            00000FC0
ADCS0                             00000000
ADCS1                             00000001
ADCS2                             00000002
ADDEN                             00000003
ADDEN1                            00000003
ADDEN2                            00000003
ADEN                              00000003
ADFM                              00000007
ADIE                              00000006
ADIF                              00000006
ADIP                              00000006
ADON                              00000000
ADRES                             00000FC3
ADRESH                            00000FC4
ADRESL                            00000FC3
AHEN                              00000001
AN0                               00000000
AN1                               00000001
AN10                              00000001
AN11                              00000004
AN12                              00000000
AN13                              00000005
AN14                              00000002
AN15                              00000003
AN16                              00000004
AN17                              00000005
AN18                              00000006
AN19                              00000007
AN2                               00000002
AN20                              00000000
AN21                              00000001
AN22                              00000002
AN23                              00000003
AN24                              00000004
AN25                              00000005
AN26                              00000006
AN27                              00000007
AN3                               00000003
MPASM 5.82                      CODE_1_1.ASM   3-31-2019  22:40:29         PAGE 12


SYMBOL TABLE
  LABEL                             VALUE 

AN4                               00000005
AN5                               00000000
AN6                               00000001
AN7                               00000002
AN8                               00000002
AN9                               00000003
ANSA0                             00000000
ANSA1                             00000001
ANSA2                             00000002
ANSA3                             00000003
ANSA5                             00000005
ANSB0                             00000000
ANSB1                             00000001
ANSB2                             00000002
ANSB3                             00000003
ANSB4                             00000004
ANSB5                             00000005
ANSC2                             00000002
ANSC3                             00000003
ANSC4                             00000004
ANSC5                             00000005
ANSC6                             00000006
ANSC7                             00000007
ANSD0                             00000000
ANSD1                             00000001
ANSD2                             00000002
ANSD3                             00000003
ANSD4                             00000004
ANSD5                             00000005
ANSD6                             00000006
ANSD7                             00000007
ANSE0                             00000000
ANSE1                             00000001
ANSE2                             00000002
ANSELA                            00000F38
ANSELB                            00000F39
ANSELC                            00000F3A
ANSELD                            00000F3B
ANSELE                            00000F3C
BANKED                            00000001
BAUD1CON                          00000FB8
BAUD2CON                          00000F70
BAUDCON                           00000FB8
BAUDCON1                          00000FB8
BAUDCON2                          00000F70
BAUDCTL                           00000FB8
BCL1IE                            00000003
BCL1IF                            00000003
BCL1IP                            00000003
BCL2IE                            00000006
BCL2IF                            00000006
BCL2IP                            00000006
BCLIE                             00000003
MPASM 5.82                      CODE_1_1.ASM   3-31-2019  22:40:29         PAGE 13


SYMBOL TABLE
  LABEL                             VALUE 

BCLIF                             00000003
BCLIP                             00000003
BF                                00000000
BGST                              00000005
BGVST                             00000006
BOEN                              00000004
BOR                               00000000
BRG16                             00000003
BRGH                              00000002
BRGH1                             00000002
BRGH2                             00000002
BSR                               00000FE0
C                                 00000000
C12IN0M                           00000000
C12IN0N                           00000000
C12IN1M                           00000001
C12IN1N                           00000001
C12IN2M                           00000003
C12IN2N                           00000003
C12IN3M                           00000001
C12IN3N                           00000001
C1CH0                             00000000
C1CH1                             00000001
C1HYS                             00000003
C1IE                              00000006
C1IF                              00000006
C1INP                             00000003
C1IP                              00000006
C1OE                              00000005
C1ON                              00000007
C1OUT_CM1CON                      00000006
C1OUT_CM1CON0                     00000006
C1OUT_PORTA                       00000004
C1POL                             00000004
C1R                               00000002
C1RSEL                            00000005
C1SP                              00000003
C1SYNC                            00000001
C1TSEL0                           00000000
C1TSEL1                           00000001
C2CH0                             00000000
C2CH1                             00000001
C2HYS                             00000002
C2IE                              00000005
C2IF                              00000005
C2INP                             00000002
C2IP                              00000005
C2OE                              00000005
C2ON                              00000007
C2OUT_CM2CON                      00000006
C2OUT_CM2CON0                     00000006
C2OUT_PORTA                       00000005
C2POL                             00000004
MPASM 5.82                      CODE_1_1.ASM   3-31-2019  22:40:29         PAGE 14


SYMBOL TABLE
  LABEL                             VALUE 

C2R                               00000002
C2RSEL                            00000004
C2SP                              00000003
C2SYNC                            00000000
C2TSEL0                           00000003
C2TSEL1                           00000004
C3TSEL0                           00000006
C3TSEL1                           00000007
C4TSEL0                           00000000
C4TSEL1                           00000001
C5TSEL0                           00000002
C5TSEL1                           00000003
CAL                               00000314
CALIBRATE                         00000314
CALIBRATE_SUB                     00000332
CCP1                              00000002
CCP1AS0                           00000004
CCP1AS1                           00000005
CCP1AS2                           00000006
CCP1ASE                           00000007
CCP1CON                           00000FBD
CCP1IE                            00000002
CCP1IF                            00000002
CCP1IP                            00000002
CCP1M0                            00000000
CCP1M1                            00000001
CCP1M2                            00000002
CCP1M3                            00000003
CCP1MD                            00000000
CCP2AS                            00000F64
CCP2AS0                           00000004
CCP2AS1                           00000005
CCP2AS2                           00000006
CCP2ASE                           00000007
CCP2CON                           00000F66
CCP2IE                            00000000
CCP2IF                            00000000
CCP2IP                            00000000
CCP2M0                            00000000
CCP2M1                            00000001
CCP2M2                            00000002
CCP2M3                            00000003
CCP2MD                            00000001
CCP2_PORTB                        00000003
CCP2_PORTC                        00000001
CCP3AS                            00000F5B
CCP3AS0                           00000004
CCP3AS1                           00000005
CCP3AS2                           00000006
CCP3ASE                           00000007
CCP3CON                           00000F5D
CCP3IE                            00000000
CCP3IF                            00000000
MPASM 5.82                      CODE_1_1.ASM   3-31-2019  22:40:29         PAGE 15


SYMBOL TABLE
  LABEL                             VALUE 

CCP3IP                            00000000
CCP3M0                            00000000
CCP3M1                            00000001
CCP3M2                            00000002
CCP3M3                            00000003
CCP3MD                            00000002
CCP3_PORTB                        00000005
CCP3_PORTE                        00000000
CCP4                              00000001
CCP4CON                           00000F57
CCP4IE                            00000001
CCP4IF                            00000001
CCP4IP                            00000001
CCP4M0                            00000000
CCP4M1                            00000001
CCP4M2                            00000002
CCP4M3                            00000003
CCP4MD                            00000003
CCP5                              00000002
CCP5CON                           00000F54
CCP5IE                            00000002
CCP5IF                            00000002
CCP5IP                            00000002
CCP5M0                            00000000
CCP5M1                            00000001
CCP5M2                            00000002
CCP5M3                            00000003
CCP5MD                            00000004
CCPR1                             00000FBE
CCPR1H                            00000FBF
CCPR1L                            00000FBE
CCPR2                             00000F67
CCPR2H                            00000F68
CCPR2L                            00000F67
CCPR3                             00000F5E
CCPR3H                            00000F5F
CCPR3L                            00000F5E
CCPR4                             00000F58
CCPR4H                            00000F59
CCPR4L                            00000F58
CCPR5                             00000F55
CCPR5H                            00000F56
CCPR5L                            00000F55
CCPTMRS0                          00000F49
CCPTMRS1                          00000F48
CFGS                              00000006
CHS0                              00000002
CHS1                              00000003
CHS2                              00000004
CHS3                              00000005
CHS4                              00000006
CK                                00000006
CK1                               00000006
MPASM 5.82                      CODE_1_1.ASM   3-31-2019  22:40:29         PAGE 16


SYMBOL TABLE
  LABEL                             VALUE 

CK2                               00000006
CKE                               00000006
CKP                               00000004
CKTXP                             00000004
CM12CON                           00000F77
CM1CON                            00000F79
CM1CON0                           00000F79
CM2CON                            00000F78
CM2CON0                           00000F78
CM2CON1                           00000F77
CMP1MD                            00000001
CMP2MD                            00000002
CREN                              00000004
CREN1                             00000004
CREN2                             00000004
CSRC                              00000007
CSRC1                             00000007
CSRC2                             00000007
CTED1                             00000002
CTED2                             00000003
CTMUCON0                          00000F45
CTMUCON1                          00000F44
CTMUCONH                          00000F45
CTMUCONL                          00000F44
CTMUEN                            00000007
CTMUICON                          00000F43
CTMUICONH                         00000F43
CTMUIE                            00000003
CTMUIF                            00000003
CTMUIP                            00000003
CTMUMD                            00000003
CTMUSIDL                          00000005
CTPLS                             00000002
CTTRIG                            00000000
CVREF                             00000002
D                                 00000005
DACCON0                           00000F41
DACCON1                           00000F40
DACEN                             00000007
DACLPS                            00000006
DACNSS                            00000000
DACOE                             00000005
DACOUT                            00000002
DACPSS0                           00000002
DACPSS1                           00000003
DACR0                             00000000
DACR1                             00000001
DACR2                             00000002
DACR3                             00000003
DACR4                             00000004
DC                                00000001
DC1B0                             00000004
DC1B1                             00000005
MPASM 5.82                      CODE_1_1.ASM   3-31-2019  22:40:29         PAGE 17


SYMBOL TABLE
  LABEL                             VALUE 

DC2B0                             00000004
DC2B1                             00000005
DC3B0                             00000004
DC3B1                             00000005
DC4B0                             00000004
DC4B1                             00000005
DC5B0                             00000004
DC5B1                             00000005
DDRA                              TRISA
DDRB                              TRISB
DDRC                              TRISC
DDRD                              TRISD
DDRE                              TRISE
DEBUG_SUB                         00000386
DHEN                              00000000
DONE                              00000001
DT1                               00000007
DT2                               00000007
DTRXP                             00000005
D_A                               00000005
D_NOT_A                           00000005
ECCP1AS                           00000FB6
ECCP2AS                           00000F64
ECCP3AS                           00000F5B
ECCPAS                            00000FB6
ECCPAS0                           00000004
ECCPAS1                           00000005
ECCPAS2                           00000006
ECCPASE                           00000007
EDG1POL                           00000004
EDG1SEL0                          00000002
EDG1SEL1                          00000003
EDG1STAT                          00000000
EDG2POL                           00000007
EDG2SEL0                          00000005
EDG2SEL1                          00000006
EDG2STAT                          00000001
EDGEN                             00000003
EDGSEQEN                          00000002
EEADR                             00000FA9
EEADR0                            00000000
EEADR1                            00000001
EEADR2                            00000002
EEADR3                            00000003
EEADR4                            00000004
EEADR5                            00000005
EEADR6                            00000006
EEADR7                            00000007
EECON1                            00000FA6
EECON2                            00000FA7
EEDATA                            00000FA8
EEIE                              00000004
EEIF                              00000004
MPASM 5.82                      CODE_1_1.ASM   3-31-2019  22:40:29         PAGE 18


SYMBOL TABLE
  LABEL                             VALUE 

EEIP                              00000004
EEPGD                             00000007
FAST                              00000001
FERR                              00000002
FERR1                             00000002
FERR2                             00000002
FLT0                              00000000
FREE                              00000004
FSR0                              00000000
FSR0H                             00000FEA
FSR0L                             00000FE9
FSR1                              00000001
FSR1H                             00000FE2
FSR1L                             00000FE1
FSR2                              00000002
FSR2H                             00000FDA
FSR2L                             00000FD9
FVRCON                            00000F42
FVREN                             00000007
FVRS0                             00000004
FVRS1                             00000005
FVRST                             00000006
GCEN                              00000007
GIE                               00000007
GIEH                              00000007
GIEL                              00000006
GIE_GIEH                          00000007
GO                                00000001
GO_DONE                           00000001
GO_NOT_DONE                       00000001
Go_off0                           000003D6
Go_off1                           000003DA
Go_off2                           000003DE
HFIOFS                            00000002
HLVDCON                           00000F9C
HLVDEN                            00000004
HLVDIE                            00000002
HLVDIF                            00000002
HLVDIN                            00000005
HLVDIP                            00000002
HLVDL0                            00000000
HLVDL1                            00000001
HLVDL2                            00000002
HLVDL3                            00000003
IDISSEN                           00000001
IDLEN                             00000007
INDF0                             00000FEF
INDF1                             00000FE7
INDF2                             00000FDF
INT0                              00000000
INT0E                             00000004
INT0F                             00000001
INT0IE                            00000004
MPASM 5.82                      CODE_1_1.ASM   3-31-2019  22:40:29         PAGE 19


SYMBOL TABLE
  LABEL                             VALUE 

INT0IF                            00000001
INT1                              00000001
INT1E                             00000003
INT1F                             00000000
INT1IE                            00000003
INT1IF                            00000000
INT1IP                            00000006
INT1P                             00000006
INT2                              00000002
INT2E                             00000004
INT2F                             00000001
INT2IE                            00000004
INT2IF                            00000001
INT2IP                            00000007
INT2P                             00000007
INTCON                            00000FF2
INTCON2                           00000FF1
INTCON3                           00000FF0
INTEDG0                           00000006
INTEDG1                           00000005
INTEDG2                           00000004
INTSRC                            00000007
IOCB                              00000F62
IOCB4                             00000004
IOCB5                             00000005
IOCB6                             00000006
IOCB7                             00000007
IOFS                              00000002
IPEN                              00000007
IPR1                              00000F9F
IPR2                              00000FA2
IPR3                              00000FA5
IPR4                              00000F7C
IPR5                              00000F7F
IRCF0                             00000004
IRCF1                             00000005
IRCF2                             00000006
IRNG0                             00000000
IRNG1                             00000001
IRVST                             00000005
ITRIM0                            00000002
ITRIM1                            00000003
ITRIM2                            00000004
ITRIM3                            00000005
ITRIM4                            00000006
ITRIM5                            00000007
IVRST                             00000005
KBI0                              00000004
KBI1                              00000005
KBI2                              00000006
KBI3                              00000007
LATA                              00000F89
LATA0                             00000000
MPASM 5.82                      CODE_1_1.ASM   3-31-2019  22:40:29         PAGE 20


SYMBOL TABLE
  LABEL                             VALUE 

LATA1                             00000001
LATA2                             00000002
LATA3                             00000003
LATA4                             00000004
LATA5                             00000005
LATA6                             00000006
LATA7                             00000007
LATB                              00000F8A
LATB0                             00000000
LATB1                             00000001
LATB2                             00000002
LATB3                             00000003
LATB4                             00000004
LATB5                             00000005
LATB6                             00000006
LATB7                             00000007
LATC                              00000F8B
LATC0                             00000000
LATC1                             00000001
LATC2                             00000002
LATC3                             00000003
LATC4                             00000004
LATC5                             00000005
LATC6                             00000006
LATC7                             00000007
LATD                              00000F8C
LATD0                             00000000
LATD1                             00000001
LATD2                             00000002
LATD3                             00000003
LATD4                             00000004
LATD5                             00000005
LATD6                             00000006
LATD7                             00000007
LATE                              00000F8D
LATE0                             00000000
LATE1                             00000001
LATE2                             00000002
LEDS                              00000364
LFIOFS                            00000000
LVDCON                            00000F9C
LVDEN                             00000004
LVDIE                             00000002
LVDIF                             00000002
LVDIN                             00000005
LVDIP                             00000002
LVDL0                             00000000
LVDL1                             00000001
LVDL2                             00000002
LVDL3                             00000003
LVV0                              00000000
LVV1                              00000001
LVV2                              00000002
MPASM 5.82                      CODE_1_1.ASM   3-31-2019  22:40:29         PAGE 21


SYMBOL TABLE
  LABEL                             VALUE 

LVV3                              00000003
MC1OUT                            00000007
MC2OUT                            00000006
MCLR                              00000003
MFIOFS                            00000001
MFIOSEL                           00000004
MSG                               000001C2
MSK0                              00000000
MSK1                              00000001
MSK2                              00000002
MSK3                              00000003
MSK4                              00000004
MSK5                              00000005
MSK6                              00000006
MSK7                              00000007
MSSP1MD                           00000006
MSSP2MD                           00000007
N                                 00000004
NOT_A                             00000005
NOT_ADDRESS                       00000005
NOT_BOR                           00000000
NOT_DONE                          00000001
NOT_MCLR                          00000003
NOT_PD                            00000002
NOT_POR                           00000001
NOT_RBPU                          00000007
NOT_RI                            00000004
NOT_SS                            00000005
NOT_SS1                           00000005
NOT_SS2                           00000003
NOT_T1SYNC                        00000002
NOT_T3SYNC                        00000002
NOT_T5SYNC                        00000002
NOT_TO                            00000003
NOT_W                             00000002
NOT_WRITE                         00000002
NVCFG0                            00000000
NVCFG1                            00000001
OERR                              00000001
OERR1                             00000001
OERR2                             00000001
OSCCON                            00000FD3
OSCCON2                           00000FD2
OSCFIE                            00000007
OSCFIF                            00000007
OSCFIP                            00000007
OSCTUNE                           00000F9B
OSTS                              00000003
OV                                00000003
P                                 00000004
P1A                               00000002
P1B                               00000005
P1C                               00000006
MPASM 5.82                      CODE_1_1.ASM   3-31-2019  22:40:29         PAGE 22


SYMBOL TABLE
  LABEL                             VALUE 

P1D                               00000007
P1DC0                             00000000
P1DC1                             00000001
P1DC2                             00000002
P1DC3                             00000003
P1DC4                             00000004
P1DC5                             00000005
P1DC6                             00000006
P1M0                              00000006
P1M1                              00000007
P1RSEN                            00000007
P1SSAC0                           00000002
P1SSAC1                           00000003
P1SSBD0                           00000000
P1SSBD1                           00000001
P2A_PORTB                         00000003
P2A_PORTC                         00000001
P2B_PORTC                         00000000
P2B_PORTD                         00000002
P2C                               00000003
P2D                               00000004
P2DC0                             00000000
P2DC1                             00000001
P2DC2                             00000002
P2DC3                             00000003
P2DC4                             00000004
P2DC5                             00000005
P2DC6                             00000006
P2M0                              00000006
P2M1                              00000007
P2RSEN                            00000007
P2SSAC0                           00000002
P2SSAC1                           00000003
P2SSBD0                           00000000
P2SSBD1                           00000001
P3A_PORTB                         00000005
P3A_PORTE                         00000000
P3B                               00000001
P3DC0                             00000000
P3DC1                             00000001
P3DC2                             00000002
P3DC3                             00000003
P3DC4                             00000004
P3DC5                             00000005
P3DC6                             00000006
P3M0                              00000006
P3M1                              00000007
P3RSEN                            00000007
P3SSAC0                           00000002
P3SSAC1                           00000003
P3SSBD0                           00000000
P3SSBD1                           00000001
PC                                00000FF9
MPASM 5.82                      CODE_1_1.ASM   3-31-2019  22:40:29         PAGE 23


SYMBOL TABLE
  LABEL                             VALUE 

PCIE                              00000006
PCL                               00000FF9
PCLATH                            00000FFA
PCLATU                            00000FFB
PD                                00000002
PDC0                              00000000
PDC1                              00000001
PDC2                              00000002
PDC3                              00000003
PDC4                              00000004
PDC5                              00000005
PDC6                              00000006
PEIE                              00000006
PEIE_GIEL                         00000006
PEN                               00000002
PGC                               00000006
PGD                               00000007
PIE1                              00000F9D
PIE2                              00000FA0
PIE3                              00000FA3
PIE4                              00000F7A
PIE5                              00000F7D
PIR1                              00000F9E
PIR2                              00000FA1
PIR3                              00000FA4
PIR4                              00000F7B
PIR5                              00000F7E
PLLEN                             00000006
PLLRDY                            00000007
PLUSW0                            00000FEB
PLUSW1                            00000FE3
PLUSW2                            00000FDB
PMD0                              00000F3F
PMD1                              00000F3E
PMD2                              00000F3D
POR                               00000001
PORTA                             00000F80
PORTB                             00000F81
PORTC                             00000F82
PORTD                             00000F83
PORTE                             00000F84
POSTDEC0                          00000FED
POSTDEC1                          00000FE5
POSTDEC2                          00000FDD
POSTINC0                          00000FEE
POSTINC1                          00000FE6
POSTINC2                          00000FDE
PR2                               00000FBB
PR4                               00000F52
PR6                               00000F4B
PRC                               00000204
PREINC0                           00000FEC
PREINC1                           00000FE4
MPASM 5.82                      CODE_1_1.ASM   3-31-2019  22:40:29         PAGE 24


SYMBOL TABLE
  LABEL                             VALUE 

PREINC2                           00000FDC
PRISD                             00000002
PRO                               000000F0
PROC                              000002DE
PROD                              00000FF3
PRODH                             00000FF4
PRODL                             00000FF3
PRSEN                             00000007
PSA                               00000003
PSS1AC0                           00000002
PSS1AC1                           00000003
PSS1BD0                           00000000
PSS1BD1                           00000001
PSS2AC0                           00000002
PSS2AC1                           00000003
PSS2BD0                           00000000
PSS2BD1                           00000001
PSS3AC0                           00000002
PSS3AC1                           00000003
PSS3BD0                           00000000
PSS3BD1                           00000001
PSSAC0                            00000002
PSSAC1                            00000003
PSSBD0                            00000000
PSSBD1                            00000001
PSTR1CON                          00000FB9
PSTR2CON                          00000F63
PSTR3CON                          00000F5A
PSTRCON                           00000FB9
PVCFG0                            00000002
PVCFG1                            00000003
PWM1CON                           00000FB7
PWM2CON                           00000F65
PWM3CON                           00000F5C
PWMCON                            00000FB7
Pro1                              00000120
Pro2                              00000140
Pro3                              00000160
Pro4                              00000180
R                                 00000002
R1                                000000D4
R2                                000000DC
R3                                0000027C
R4                                00000288
R5                                00000290
R6                                000001DA
R7                                000001DE
RA0                               00000000
RA1                               00000001
RA2                               00000002
RA3                               00000003
RA4                               00000004
RA5                               00000005
MPASM 5.82                      CODE_1_1.ASM   3-31-2019  22:40:29         PAGE 25


SYMBOL TABLE
  LABEL                             VALUE 

RA6                               00000006
RA7                               00000007
RB0                               00000000
RB1                               00000001
RB2                               00000002
RB3                               00000003
RB4                               00000004
RB5                               00000005
RB6                               00000006
RB7                               00000007
RBIE                              00000003
RBIF                              00000000
RBIP                              00000000
RBPU                              00000007
RC0                               00000000
RC1                               00000001
RC1IE                             00000005
RC1IF                             00000005
RC1IP                             00000005
RC1REG                            00000FAE
RC1STA                            00000FAB
RC2                               00000002
RC2IE                             00000005
RC2IF                             00000005
RC2IP                             00000005
RC2REG                            00000F74
RC2STA                            00000F71
RC3                               00000003
RC4                               00000004
RC5                               00000005
RC6                               00000006
RC7                               00000007
RCE                               00000088
RCE1                              0000030C
RCEN                              00000003
RCIDL                             00000006
RCIE                              00000005
RCIF                              00000005
RCIP                              00000005
RCON                              00000FD0
RCREG                             00000FAE
RCREG1                            00000FAE
RCREG2                            00000F74
RCSTA                             00000FAB
RCSTA1                            00000FAB
RCSTA2                            00000F71
RD                                00000000
RD0                               00000000
RD1                               00000001
RD16                              00000001
RD2                               00000002
RD3                               00000003
RD4                               00000004
MPASM 5.82                      CODE_1_1.ASM   3-31-2019  22:40:29         PAGE 26


SYMBOL TABLE
  LABEL                             VALUE 

RD5                               00000005
RD6                               00000006
RD7                               00000007
RE0                               00000000
RE1                               00000001
RE2                               00000002
RE3                               00000003
REC                               000002A4
RI                                00000004
RSEN                              00000001
RX                                00000007
RX1                               00000007
RX2                               00000007
RX9                               00000006
RX91                              00000006
RX92                              00000006
RX9D                              00000000
RX9D1                             00000000
RX9D2                             00000000
R_NOT_W                           00000002
R_W                               00000002
S                                 00000003
S1                                0000030C
SBCDE                             00000002
SBOREN                            00000006
SCIE                              00000005
SCK                               00000003
SCK1                              00000003
SCK2                              00000000
SCKP                              00000004
SCL                               00000003
SCL1                              00000003
SCL2                              00000000
SCS0                              00000000
SCS1                              00000001
SDA                               00000004
SDA1                              00000004
SDA2                              00000001
SDAHT                             00000003
SDI                               00000004
SDI1                              00000004
SDI2                              00000001
SDO                               00000005
SDO1                              00000005
SDO2                              00000004
SEN                               00000000
SENDB                             00000003
SENDB1                            00000003
SENDB2                            00000003
SLRA                              00000000
SLRB                              00000001
SLRC                              00000002
SLRCON                            00000F60
MPASM 5.82                      CODE_1_1.ASM   3-31-2019  22:40:29         PAGE 27


SYMBOL TABLE
  LABEL                             VALUE 

SLRD                              00000003
SLRE                              00000004
SMP                               00000007
SOSCGO                            00000003
SOSCRUN                           00000006
SP0                               00000000
SP1                               00000001
SP1BRG                            00000FAF
SP1BRGH                           00000FB0
SP2                               00000002
SP2BRG                            00000F75
SP2BRGH                           00000F76
SP3                               00000003
SP4                               00000004
SPBRG                             00000FAF
SPBRG1                            00000FAF
SPBRG2                            00000F75
SPBRGH                            00000FB0
SPBRGH1                           00000FB0
SPBRGH2                           00000F76
SPEN                              00000007
SPEN1                             00000007
SPEN2                             00000007
SRCLK0                            00000004
SRCLK1                            00000005
SRCLK2                            00000006
SRCON0                            00000F47
SRCON1                            00000F46
SREN                              00000005
SREN1                             00000005
SREN2                             00000005
SRI                               00000000
SRLEN                             00000007
SRNQ                              00000005
SRNQEN                            00000002
SRPR                              00000000
SRPS                              00000001
SRQ                               00000004
SRQEN                             00000003
SRRC1E                            00000000
SRRC2E                            00000001
SRRCKE                            00000002
SRRPE                             00000003
SRSC1E                            00000004
SRSC2E                            00000005
SRSCKE                            00000006
SRSPE                             00000007
SS                                00000005
SS1                               00000005
SS2                               00000003
SSDTABLE                          0000036E
SSP1ADD                           00000FC8
SSP1BUF                           00000FC9
MPASM 5.82                      CODE_1_1.ASM   3-31-2019  22:40:29         PAGE 28


SYMBOL TABLE
  LABEL                             VALUE 

SSP1CON1                          00000FC6
SSP1CON2                          00000FC5
SSP1CON3                          00000FCB
SSP1IE                            00000003
SSP1IF                            00000003
SSP1IP                            00000003
SSP1MSK                           00000FCA
SSP1STAT                          00000FC7
SSP2ADD                           00000F6E
SSP2BUF                           00000F6F
SSP2CON1                          00000F6C
SSP2CON2                          00000F6B
SSP2CON3                          00000F69
SSP2IE                            00000007
SSP2IF                            00000007
SSP2IP                            00000007
SSP2MSK                           00000F6A
SSP2STAT                          00000F6D
SSPADD                            00000FC8
SSPBUF                            00000FC9
SSPCON1                           00000FC6
SSPCON2                           00000FC5
SSPCON3                           00000FCB
SSPEN                             00000005
SSPIE                             00000003
SSPIF                             00000003
SSPIP                             00000003
SSPM0                             00000000
SSPM1                             00000001
SSPM2                             00000002
SSPM3                             00000003
SSPMSK                            00000FCA
SSPOV                             00000006
SSPSTAT                           00000FC7
STATUS                            00000FD8
STKFUL                            00000007
STKOVF                            00000007
STKPTR                            00000FFC
STKPTR0                           00000000
STKPTR1                           00000001
STKPTR2                           00000002
STKPTR3                           00000003
STKPTR4                           00000004
STKUNF                            00000006
STR1A                             00000000
STR1B                             00000001
STR1C                             00000002
STR1D                             00000003
STR1SYNC                          00000004
STR2A                             00000000
STR2B                             00000001
STR2C                             00000002
STR2D                             00000003
MPASM 5.82                      CODE_1_1.ASM   3-31-2019  22:40:29         PAGE 29


SYMBOL TABLE
  LABEL                             VALUE 

STR2SYNC                          00000004
STR3A                             00000000
STR3B                             00000001
STR3C                             00000002
STR3D                             00000003
STR3SYNC                          00000004
SWDTE                             00000000
SWDTEN                            00000000
SYNC                              00000004
SYNC1                             00000004
SYNC2                             00000004
T08BIT                            00000006
T0CKI                             00000004
T0CON                             00000FD5
T0CS                              00000005
T0IE                              00000005
T0IF                              00000002
T0PS0                             00000000
T0PS1                             00000001
T0PS2                             00000002
T0SE                              00000004
T1                                00000072
T1CKI                             00000000
T1CKPS0                           00000004
T1CKPS1                           00000005
T1CON                             00000FCD
T1G                               00000005
T1GCON                            00000FCC
T1GGO                             00000003
T1GGO_NOT_DONE                    00000003
T1GPOL                            00000006
T1GSPM                            00000004
T1GSS0                            00000000
T1GSS1                            00000001
T1GTM                             00000005
T1GVAL                            00000002
T1G_DONE                          00000003
T1OSCEN                           00000003
T1OSI                             00000001
T1OSO                             00000000
T1RD16                            00000001
T1SOSCEN                          00000003
T1SYNC                            00000002
T2CKPS0                           00000000
T2CKPS1                           00000001
T2CON                             00000FBA
T2OUTPS0                          00000003
T2OUTPS1                          00000004
T2OUTPS2                          00000005
T2OUTPS3                          00000006
T3CKI_PORTB                       00000005
T3CKI_PORTC                       00000000
T3CKPS0                           00000004
MPASM 5.82                      CODE_1_1.ASM   3-31-2019  22:40:29         PAGE 30


SYMBOL TABLE
  LABEL                             VALUE 

T3CKPS1                           00000005
T3CON                             00000FB1
T3G                               00000000
T3GCON                            00000FB4
T3GGO                             00000003
T3GGO_NOT_DONE                    00000003
T3GPOL                            00000006
T3GSPM                            00000004
T3GSS0                            00000000
T3GSS1                            00000001
T3GTM                             00000005
T3GVAL                            00000002
T3G_DONE                          00000003
T3OSCEN                           00000003
T3RD16                            00000001
T3SOSCEN                          00000003
T4CKPS0                           00000000
T4CKPS1                           00000001
T4CON                             00000F51
T4OUTPS0                          00000003
T4OUTPS1                          00000004
T4OUTPS2                          00000005
T4OUTPS3                          00000006
T5CKI                             00000002
T5CKPS0                           00000004
T5CKPS1                           00000005
T5CON                             00000F4E
T5G                               00000004
T5GCON                            00000F4D
T5GGO                             00000003
T5GGO_NOT_DONE                    00000003
T5GPOL                            00000006
T5GSPM                            00000004
T5GSS0                            00000000
T5GSS1                            00000001
T5GTM                             00000005
T5GVAL                            00000002
T5G_DONE                          00000003
T5RD16                            00000001
T5SOSCEN                          00000003
T5SYNC                            00000002
T6CKPS0                           00000000
T6CKPS1                           00000001
T6CON                             00000F4A
T6OUTPS0                          00000003
T6OUTPS1                          00000004
T6OUTPS2                          00000005
T6OUTPS3                          00000006
TABLAT                            00000FF5
TBLPTR                            00000FF6
TBLPTRH                           00000FF7
TBLPTRL                           00000FF6
TBLPTRU                           00000FF8
MPASM 5.82                      CODE_1_1.ASM   3-31-2019  22:40:29         PAGE 31


SYMBOL TABLE
  LABEL                             VALUE 

TGEN                              00000004
TMR0                              00000FD6
TMR0H                             00000FD7
TMR0IE                            00000005
TMR0IF                            00000002
TMR0IP                            00000002
TMR0L                             00000FD6
TMR0ON                            00000007
TMR1                              00000FCE
TMR1CS0                           00000006
TMR1CS1                           00000007
TMR1GE                            00000007
TMR1GIE                           00000000
TMR1GIF                           00000000
TMR1GIP                           00000000
TMR1H                             00000FCF
TMR1IE                            00000000
TMR1IF                            00000000
TMR1IP                            00000000
TMR1L                             00000FCE
TMR1MD                            00000000
TMR1ON                            00000000
TMR2                              00000FBC
TMR2IE                            00000001
TMR2IF                            00000001
TMR2IP                            00000001
TMR2MD                            00000001
TMR2ON                            00000002
TMR3                              00000FB2
TMR3CS0                           00000006
TMR3CS1                           00000007
TMR3GE                            00000007
TMR3GIE                           00000001
TMR3GIF                           00000001
TMR3GIP                           00000001
TMR3H                             00000FB3
TMR3IE                            00000001
TMR3IF                            00000001
TMR3IP                            00000001
TMR3L                             00000FB2
TMR3MD                            00000002
TMR3ON                            00000000
TMR4                              00000F53
TMR4IE                            00000000
TMR4IF                            00000000
TMR4IP                            00000000
TMR4MD                            00000003
TMR4ON                            00000002
TMR5                              00000F4F
TMR5CS0                           00000006
TMR5CS1                           00000007
TMR5GE                            00000007
TMR5GIE                           00000002
MPASM 5.82                      CODE_1_1.ASM   3-31-2019  22:40:29         PAGE 32


SYMBOL TABLE
  LABEL                             VALUE 

TMR5GIF                           00000002
TMR5GIP                           00000002
TMR5H                             00000F50
TMR5IE                            00000001
TMR5IF                            00000001
TMR5IP                            00000001
TMR5L                             00000F4F
TMR5MD                            00000004
TMR5ON                            00000000
TMR6                              00000F4C
TMR6IE                            00000002
TMR6IF                            00000002
TMR6IP                            00000002
TMR6MD                            00000005
TMR6ON                            00000002
TO                                00000003
TOS                               00000FFD
TOSH                              00000FFE
TOSL                              00000FFD
TOSU                              00000FFF
TRIGSEL                           00000007
TRISA                             00000F92
TRISA0                            00000000
TRISA1                            00000001
TRISA2                            00000002
TRISA3                            00000003
TRISA4                            00000004
TRISA5                            00000005
TRISA6                            00000006
TRISA7                            00000007
TRISB                             00000F93
TRISB0                            00000000
TRISB1                            00000001
TRISB2                            00000002
TRISB3                            00000003
TRISB4                            00000004
TRISB5                            00000005
TRISB6                            00000006
TRISB7                            00000007
TRISC                             00000F94
TRISC0                            00000000
TRISC1                            00000001
TRISC2                            00000002
TRISC3                            00000003
TRISC4                            00000004
TRISC5                            00000005
TRISC6                            00000006
TRISC7                            00000007
TRISD                             00000F95
TRISD0                            00000000
TRISD1                            00000001
TRISD2                            00000002
TRISD3                            00000003
MPASM 5.82                      CODE_1_1.ASM   3-31-2019  22:40:29         PAGE 33


SYMBOL TABLE
  LABEL                             VALUE 

TRISD4                            00000004
TRISD5                            00000005
TRISD6                            00000006
TRISD7                            00000007
TRISE                             00000F96
TRISE0                            00000000
TRISE1                            00000001
TRISE2                            00000002
TRMT                              00000001
TRMT1                             00000001
TRMT2                             00000001
TUN0                              00000000
TUN1                              00000001
TUN2                              00000002
TUN3                              00000003
TUN4                              00000004
TUN5                              00000005
TX                                00000006
TX1                               00000006
TX1IE                             00000004
TX1IF                             00000004
TX1IP                             00000004
TX1REG                            00000FAD
TX1STA                            00000FAC
TX2                               00000006
TX2IE                             00000004
TX2IF                             00000004
TX2IP                             00000004
TX2REG                            00000F73
TX2STA                            00000F72
TX9                               00000006
TX91                              00000006
TX92                              00000006
TX9D                              00000000
TX9D1                             00000000
TX9D2                             00000000
TXEN                              00000005
TXEN1                             00000005
TXEN2                             00000005
TXIE                              00000004
TXIF                              00000004
TXIP                              00000004
TXREG                             00000FAD
TXREG1                            00000FAD
TXREG2                            00000F73
TXSTA                             00000FAC
TXSTA1                            00000FAC
TXSTA2                            00000F72
UA                                00000001
UART1MD                           00000006
UART2MD                           00000007
VDIRMAG                           00000007
VPP                               00000003
MPASM 5.82                      CODE_1_1.ASM   3-31-2019  22:40:29         PAGE 34


SYMBOL TABLE
  LABEL                             VALUE 

VREFCON0                          00000F42
VREFCON1                          00000F41
VREFCON2                          00000F40
VREFM                             00000002
VREFN                             00000002
VREFP                             00000003
W                                 00000000
WCOL                              00000007
WDTCON                            00000FD1
WPUB                              00000F61
WPUB0                             00000000
WPUB1                             00000001
WPUB2                             00000002
WPUB3                             00000003
WPUB4                             00000004
WPUB5                             00000005
WPUB6                             00000006
WPUB7                             00000007
WPUE3                             00000007
WR                                00000001
WREG                              00000FE8
WREN                              00000002
WRERR                             00000003
WUE                               00000001
Z                                 00000002
_.org_1_032E                      0000032E
_BOREN_NOSLP_2L                   000000FD
_BOREN_OFF_2L                     000000F9
_BOREN_ON_2L                      000000FB
_BOREN_SBORDIS_2L                 000000FF
_BORV_190_2L                      000000FF
_BORV_220_2L                      000000F7
_BORV_250_2L                      000000EF
_BORV_285_2L                      000000E7
_CCP2MX_PORTB3_3H                 000000FE
_CCP2MX_PORTC1_3H                 000000FF
_CCP3MX_PORTB5_3H                 000000FF
_CCP3MX_PORTE0_3H                 000000FB
_CONFIG1H                         00300001
_CONFIG2H                         00300003
_CONFIG2L                         00300002
_CONFIG3H                         00300005
_CONFIG4L                         00300006
_CONFIG5H                         00300009
_CONFIG5L                         00300008
_CONFIG6H                         0030000B
_CONFIG6L                         0030000A
_CONFIG7H                         0030000D
_CONFIG7L                         0030000C
_CP0_OFF_5L                       000000FF
_CP0_ON_5L                        000000FE
_CP1_OFF_5L                       000000FF
_CP1_ON_5L                        000000FD
MPASM 5.82                      CODE_1_1.ASM   3-31-2019  22:40:29         PAGE 35


SYMBOL TABLE
  LABEL                             VALUE 

_CP2_OFF_5L                       000000FF
_CP2_ON_5L                        000000FB
_CP3_OFF_5L                       000000FF
_CP3_ON_5L                        000000F7
_CPB_OFF_5H                       000000FF
_CPB_ON_5H                        000000BF
_CPD_OFF_5H                       000000FF
_CPD_ON_5H                        0000007F
_DEBUG_OFF_4L                     000000FF
_DEBUG_ON_4L                      0000007F
_DEVID1                           003FFFFE
_DEVID2                           003FFFFF
_EBTR0_OFF_7L                     000000FF
_EBTR0_ON_7L                      000000FE
_EBTR1_OFF_7L                     000000FF
_EBTR1_ON_7L                      000000FD
_EBTR2_OFF_7L                     000000FF
_EBTR2_ON_7L                      000000FB
_EBTR3_OFF_7L                     000000FF
_EBTR3_ON_7L                      000000F7
_EBTRB_OFF_7H                     000000FF
_EBTRB_ON_7H                      000000BF
_FCMEN_OFF_1H                     000000BF
_FCMEN_ON_1H                      000000FF
_FOSC_ECHPIO6_1H                  000000F5
_FOSC_ECHP_1H                     000000F4
_FOSC_ECLPIO6_1H                  000000FD
_FOSC_ECLP_1H                     000000FC
_FOSC_ECMPIO6_1H                  000000FB
_FOSC_ECMP_1H                     000000FA
_FOSC_HSHP_1H                     000000F2
_FOSC_HSMP_1H                     000000F3
_FOSC_INTIO67_1H                  000000F8
_FOSC_INTIO7_1H                   000000F9
_FOSC_LP_1H                       000000F0
_FOSC_RCIO6_1H                    000000F7
_FOSC_RC_1H                       000000F6
_FOSC_XT_1H                       000000F1
_HFOFST_OFF_3H                    000000F7
_HFOFST_ON_3H                     000000FF
_IDLOC0                           00200000
_IDLOC1                           00200001
_IDLOC2                           00200002
_IDLOC3                           00200003
_IDLOC4                           00200004
_IDLOC5                           00200005
_IDLOC6                           00200006
_IDLOC7                           00200007
_IESO_OFF_1H                      0000007F
_IESO_ON_1H                       000000FF
_LVP_OFF_4L                       000000FB
_LVP_ON_4L                        000000FF
_MCLRE_EXTMCLR_3H                 000000FF
MPASM 5.82                      CODE_1_1.ASM   3-31-2019  22:40:29         PAGE 36


SYMBOL TABLE
  LABEL                             VALUE 

_MCLRE_INTMCLR_3H                 0000007F
_P2BMX_PORTC0_3H                  000000DF
_P2BMX_PORTD2_3H                  000000FF
_PBADEN_OFF_3H                    000000FD
_PBADEN_ON_3H                     000000FF
_PLLCFG_OFF_1H                    000000EF
_PLLCFG_ON_1H                     000000FF
_PRICLKEN_OFF_1H                  000000DF
_PRICLKEN_ON_1H                   000000FF
_PWRTEN_OFF_2L                    000000FF
_PWRTEN_ON_2L                     000000FE
_STVREN_OFF_4L                    000000FE
_STVREN_ON_4L                     000000FF
_T3CMX_PORTB5_3H                  000000EF
_T3CMX_PORTC0_3H                  000000FF
_WDTEN_NOSLP_2H                   000000FD
_WDTEN_OFF_2H                     000000FC
_WDTEN_ON_2H                      000000FF
_WDTEN_SWON_2H                    000000FE
_WDTPS_1024_2H                    000000EB
_WDTPS_128_2H                     000000DF
_WDTPS_16384_2H                   000000FB
_WDTPS_16_2H                      000000D3
_WDTPS_1_2H                       000000C3
_WDTPS_2048_2H                    000000EF
_WDTPS_256_2H                     000000E3
_WDTPS_2_2H                       000000C7
_WDTPS_32768_2H                   000000FF
_WDTPS_32_2H                      000000D7
_WDTPS_4096_2H                    000000F3
_WDTPS_4_2H                       000000CB
_WDTPS_512_2H                     000000E7
_WDTPS_64_2H                      000000DB
_WDTPS_8192_2H                    000000F7
_WDTPS_8_2H                       000000CF
_WRT0_OFF_6L                      000000FF
_WRT0_ON_6L                       000000FE
_WRT1_OFF_6L                      000000FF
_WRT1_ON_6L                       000000FD
_WRT2_OFF_6L                      000000FF
_WRT2_ON_6L                       000000FB
_WRT3_OFF_6L                      000000FF
_WRT3_ON_6L                       000000F7
_WRTB_OFF_6H                      000000FF
_WRTB_ON_6H                       000000BF
_WRTC_OFF_6H                      000000FF
_WRTC_ON_6H                       000000DF
_WRTD_OFF_6H                      000000FF
_WRTD_ON_6H                       0000007F
_XINST_OFF_4L                     000000BF
_XINST_ON_4L                      000000FF
__18F45K22                        00000001
blackValue                        00000018
MPASM 5.82                      CODE_1_1.ASM   3-31-2019  22:40:29         PAGE 37


SYMBOL TABLE
  LABEL                             VALUE 

blueValue                         00000015
calOffset                         0000001A
calRounds                         0000001B
cat                               000000E0
clear                             000001CE
cnt                               00000005
col                               00000000
count                             00000001
debugCalibrate                    000003C8
debugMessage                      000003AA
debugProgram                      000003BE
debugRace                         000003B4
delay1                            0000001E
delay1s                           000003D2
delay2                            0000001F
delay3                            00000020
delayCounter                      00000019
eep1                              00000008
eep10                             00000011
eep2                              00000009
eep3                              0000000A
eep4                              0000000B
eep5                              0000000C
eep6                              0000000D
eep7                              0000000E
eep8                              0000000F
eep9                              00000010
err                               000001A0
greenValue                        00000016
loop                              00000012
mes1                              00000002
mes2                              00000003
mes3                              00000004
newsize                           00000013
portAbackup                       0000001D
redValue                          00000014
reg                               00000006
setup                             00000014
size                              00000007
startup                           0000006E
stateBits                         0000001C
store                             00000200
trans                             0000030C
whiteValue                        00000017

Errors   :     0
Warnings :     0 reported,     0 suppressed
Messages :     0 reported,     0 suppressed

